This file contains any messages produced by compilers while
running configure, to aid debugging if configure makes a mistake.

It was created by pamtester configure 0.1.2, which was
generated by GNU Autoconf 2.59.  Invocation command line was

  $ ./configure 

## --------- ##
## Platform. ##
## --------- ##

hostname = datapi
uname -m = armv7l
uname -r = 4.4.50-v7+
uname -s = Linux
uname -v = #970 SMP Mon Feb 20 19:18:29 GMT 2017

/usr/bin/uname -p = unknown
/bin/uname -X     = unknown

/bin/arch              = unknown
/usr/bin/arch -k       = unknown
/usr/convex/getsysinfo = unknown
hostinfo               = unknown
/bin/machine           = unknown
/usr/bin/oslevel       = unknown
/bin/universe          = unknown

PATH: /usr/local/bin
PATH: /usr/bin
PATH: /bin
PATH: /usr/games


## ----------- ##
## Core tests. ##
## ----------- ##

configure:1551: checking for a BSD-compatible install
configure:1606: result: /usr/bin/install -c
configure:1617: checking whether build environment is sane
configure:1660: result: yes
configure:1675: checking whether make sets $(MAKE)
configure:1695: result: yes
configure:1727: checking for working aclocal-1.4
configure:1738: result: missing
configure:1742: checking for working autoconf
configure:1753: result: missing
configure:1757: checking for working automake-1.4
configure:1768: result: missing
configure:1772: checking for working autoheader
configure:1783: result: missing
configure:1787: checking for working makeinfo
configure:1798: result: missing
configure:1809: checking whether to enable maintainer-specific portions of Makefiles
configure:1818: result: no
configure:1884: checking for gcc
configure:1900: found /usr/bin/gcc
configure:1910: result: gcc
configure:2154: checking for C compiler version
configure:2157: gcc --version </dev/null >&5
gcc (Raspbian 4.9.2-10) 4.9.2
Copyright (C) 2014 Free Software Foundation, Inc.
This is free software; see the source for copying conditions.  There is NO
warranty; not even for MERCHANTABILITY or FITNESS FOR A PARTICULAR PURPOSE.

configure:2160: $? = 0
configure:2162: gcc -v </dev/null >&5
Using built-in specs.
COLLECT_GCC=gcc
COLLECT_LTO_WRAPPER=/usr/lib/gcc/arm-linux-gnueabihf/4.9/lto-wrapper
Target: arm-linux-gnueabihf
Configured with: ../src/configure -v --with-pkgversion='Raspbian 4.9.2-10' --with-bugurl=file:///usr/share/doc/gcc-4.9/README.Bugs --enable-languages=c,c++,java,go,d,fortran,objc,obj-c++ --prefix=/usr --program-suffix=-4.9 --enable-shared --enable-linker-build-id --libexecdir=/usr/lib --without-included-gettext --enable-threads=posix --with-gxx-include-dir=/usr/include/c++/4.9 --libdir=/usr/lib --enable-nls --with-sysroot=/ --enable-clocale=gnu --enable-libstdcxx-debug --enable-libstdcxx-time=yes --enable-gnu-unique-object --disable-libitm --disable-libquadmath --enable-plugin --with-system-zlib --disable-browser-plugin --enable-java-awt=gtk --enable-gtk-cairo --with-java-home=/usr/lib/jvm/java-1.5.0-gcj-4.9-armhf/jre --enable-java-home --with-jvm-root-dir=/usr/lib/jvm/java-1.5.0-gcj-4.9-armhf --with-jvm-jar-dir=/usr/lib/jvm-exports/java-1.5.0-gcj-4.9-armhf --with-arch-directory=arm --with-ecj-jar=/usr/share/java/eclipse-ecj.jar --enable-objc-gc --enable-multiarch --disable-sjlj-exceptions --with-arch=armv6 --with-fpu=vfp --with-float=hard --enable-checking=release --build=arm-linux-gnueabihf --host=arm-linux-gnueabihf --target=arm-linux-gnueabihf
Thread model: posix
gcc version 4.9.2 (Raspbian 4.9.2-10) 
configure:2165: $? = 0
configure:2167: gcc -V </dev/null >&5
gcc: error: unrecognized command line option '-V'
gcc: fatal error: no input files
compilation terminated.
configure:2170: $? = 4
configure:2193: checking for C compiler default output file name
configure:2196: gcc    conftest.c  >&5
configure:2199: $? = 0
configure:2245: result: a.out
configure:2250: checking whether the C compiler works
configure:2256: ./a.out
configure:2259: $? = 0
configure:2276: result: yes
configure:2283: checking whether we are cross compiling
configure:2285: result: no
configure:2288: checking for suffix of executables
configure:2290: gcc -o conftest    conftest.c  >&5
configure:2293: $? = 0
configure:2318: result: 
configure:2324: checking for suffix of object files
configure:2345: gcc -c   conftest.c >&5
configure:2348: $? = 0
configure:2370: result: o
configure:2374: checking whether we are using the GNU C compiler
configure:2398: gcc -c   conftest.c >&5
configure:2404: $? = 0
configure:2407: test -z 			 || test ! -s conftest.err
configure:2410: $? = 0
configure:2413: test -s conftest.o
configure:2416: $? = 0
configure:2429: result: yes
configure:2435: checking whether gcc accepts -g
configure:2456: gcc -c -g  conftest.c >&5
configure:2462: $? = 0
configure:2465: test -z 			 || test ! -s conftest.err
configure:2468: $? = 0
configure:2471: test -s conftest.o
configure:2474: $? = 0
configure:2485: result: yes
configure:2502: checking for gcc option to accept ANSI C
configure:2572: gcc  -c -g -O2  conftest.c >&5
configure:2578: $? = 0
configure:2581: test -z 			 || test ! -s conftest.err
configure:2584: $? = 0
configure:2587: test -s conftest.o
configure:2590: $? = 0
configure:2608: result: none needed
configure:2626: gcc -c -g -O2  conftest.c >&5
conftest.c:2:3: error: unknown type name 'choke'
   choke me
   ^
conftest.c:2:3: error: expected '=', ',', ';', 'asm' or '__attribute__' at end of input
configure:2632: $? = 1
configure: failed program was:
| #ifndef __cplusplus
|   choke me
| #endif
configure:2762: checking whether ln -s works
configure:2766: result: yes
configure:2786: checking for a BSD-compatible install
configure:2841: result: /usr/bin/install -c
configure:2930: checking build system type
configure:2948: result: armv7l-unknown-linux-gnu
configure:2956: checking host system type
configure:2970: result: armv7l-unknown-linux-gnu
configure:2978: checking for a sed that does not truncate output
configure:3032: result: /bin/sed
configure:3035: checking for egrep
configure:3045: result: grep -E
configure:3061: checking for ld used by gcc
configure:3128: result: /usr/bin/ld
configure:3137: checking if the linker (/usr/bin/ld) is GNU ld
configure:3152: result: yes
configure:3157: checking for /usr/bin/ld option to reload object files
configure:3164: result: -r
configure:3173: checking for BSD-compatible nm
configure:3215: result: /usr/bin/nm -B
configure:3219: checking how to recognise dependent libraries
configure:3393: result: pass_all
configure:3606: checking how to run the C preprocessor
configure:3641: gcc -E  conftest.c
configure:3647: $? = 0
configure:3679: gcc -E  conftest.c
conftest.c:11:28: fatal error: ac_nonexistent.h: No such file or directory
 #include <ac_nonexistent.h>
                            ^
compilation terminated.
configure:3685: $? = 1
configure: failed program was:
| /* confdefs.h.  */
| 
| #define PACKAGE_NAME "pamtester"
| #define PACKAGE_TARNAME "pamtester"
| #define PACKAGE_VERSION "0.1.2"
| #define PACKAGE_STRING "pamtester 0.1.2"
| #define PACKAGE_BUGREPORT ""
| #define PACKAGE "pamtester"
| #define VERSION "0.1.2"
| /* end confdefs.h.  */
| #include <ac_nonexistent.h>
configure:3724: result: gcc -E
configure:3748: gcc -E  conftest.c
configure:3754: $? = 0
configure:3786: gcc -E  conftest.c
conftest.c:11:28: fatal error: ac_nonexistent.h: No such file or directory
 #include <ac_nonexistent.h>
                            ^
compilation terminated.
configure:3792: $? = 1
configure: failed program was:
| /* confdefs.h.  */
| 
| #define PACKAGE_NAME "pamtester"
| #define PACKAGE_TARNAME "pamtester"
| #define PACKAGE_VERSION "0.1.2"
| #define PACKAGE_STRING "pamtester 0.1.2"
| #define PACKAGE_BUGREPORT ""
| #define PACKAGE "pamtester"
| #define VERSION "0.1.2"
| /* end confdefs.h.  */
| #include <ac_nonexistent.h>
configure:3836: checking for ANSI C header files
configure:3861: gcc -c -g -O2  conftest.c >&5
configure:3867: $? = 0
configure:3870: test -z 			 || test ! -s conftest.err
configure:3873: $? = 0
configure:3876: test -s conftest.o
configure:3879: $? = 0
configure:3968: gcc -o conftest -g -O2   conftest.c  >&5
conftest.c: In function 'main':
conftest.c:28:7: warning: incompatible implicit declaration of built-in function 'exit'
       exit(2);
       ^
configure:3971: $? = 0
configure:3973: ./conftest
configure:3976: $? = 0
configure:3991: result: yes
configure:4015: checking for sys/types.h
configure:4031: gcc -c -g -O2  conftest.c >&5
configure:4037: $? = 0
configure:4040: test -z 			 || test ! -s conftest.err
configure:4043: $? = 0
configure:4046: test -s conftest.o
configure:4049: $? = 0
configure:4060: result: yes
configure:4015: checking for sys/stat.h
configure:4031: gcc -c -g -O2  conftest.c >&5
configure:4037: $? = 0
configure:4040: test -z 			 || test ! -s conftest.err
configure:4043: $? = 0
configure:4046: test -s conftest.o
configure:4049: $? = 0
configure:4060: result: yes
configure:4015: checking for stdlib.h
configure:4031: gcc -c -g -O2  conftest.c >&5
configure:4037: $? = 0
configure:4040: test -z 			 || test ! -s conftest.err
configure:4043: $? = 0
configure:4046: test -s conftest.o
configure:4049: $? = 0
configure:4060: result: yes
configure:4015: checking for string.h
configure:4031: gcc -c -g -O2  conftest.c >&5
configure:4037: $? = 0
configure:4040: test -z 			 || test ! -s conftest.err
configure:4043: $? = 0
configure:4046: test -s conftest.o
configure:4049: $? = 0
configure:4060: result: yes
configure:4015: checking for memory.h
configure:4031: gcc -c -g -O2  conftest.c >&5
configure:4037: $? = 0
configure:4040: test -z 			 || test ! -s conftest.err
configure:4043: $? = 0
configure:4046: test -s conftest.o
configure:4049: $? = 0
configure:4060: result: yes
configure:4015: checking for strings.h
configure:4031: gcc -c -g -O2  conftest.c >&5
configure:4037: $? = 0
configure:4040: test -z 			 || test ! -s conftest.err
configure:4043: $? = 0
configure:4046: test -s conftest.o
configure:4049: $? = 0
configure:4060: result: yes
configure:4015: checking for inttypes.h
configure:4031: gcc -c -g -O2  conftest.c >&5
configure:4037: $? = 0
configure:4040: test -z 			 || test ! -s conftest.err
configure:4043: $? = 0
configure:4046: test -s conftest.o
configure:4049: $? = 0
configure:4060: result: yes
configure:4015: checking for stdint.h
configure:4031: gcc -c -g -O2  conftest.c >&5
configure:4037: $? = 0
configure:4040: test -z 			 || test ! -s conftest.err
configure:4043: $? = 0
configure:4046: test -s conftest.o
configure:4049: $? = 0
configure:4060: result: yes
configure:4015: checking for unistd.h
configure:4031: gcc -c -g -O2  conftest.c >&5
configure:4037: $? = 0
configure:4040: test -z 			 || test ! -s conftest.err
configure:4043: $? = 0
configure:4046: test -s conftest.o
configure:4049: $? = 0
configure:4060: result: yes
configure:4086: checking dlfcn.h usability
configure:4098: gcc -c -g -O2  conftest.c >&5
configure:4104: $? = 0
configure:4107: test -z 			 || test ! -s conftest.err
configure:4110: $? = 0
configure:4113: test -s conftest.o
configure:4116: $? = 0
configure:4126: result: yes
configure:4130: checking dlfcn.h presence
configure:4140: gcc -E  conftest.c
configure:4146: $? = 0
configure:4166: result: yes
configure:4201: checking for dlfcn.h
configure:4208: result: yes
configure:4273: checking for g++
configure:4289: found /usr/bin/g++
configure:4299: result: g++
configure:4315: checking for C++ compiler version
configure:4318: g++ --version </dev/null >&5
g++ (Raspbian 4.9.2-10) 4.9.2
Copyright (C) 2014 Free Software Foundation, Inc.
This is free software; see the source for copying conditions.  There is NO
warranty; not even for MERCHANTABILITY or FITNESS FOR A PARTICULAR PURPOSE.

configure:4321: $? = 0
configure:4323: g++ -v </dev/null >&5
Using built-in specs.
COLLECT_GCC=g++
COLLECT_LTO_WRAPPER=/usr/lib/gcc/arm-linux-gnueabihf/4.9/lto-wrapper
Target: arm-linux-gnueabihf
Configured with: ../src/configure -v --with-pkgversion='Raspbian 4.9.2-10' --with-bugurl=file:///usr/share/doc/gcc-4.9/README.Bugs --enable-languages=c,c++,java,go,d,fortran,objc,obj-c++ --prefix=/usr --program-suffix=-4.9 --enable-shared --enable-linker-build-id --libexecdir=/usr/lib --without-included-gettext --enable-threads=posix --with-gxx-include-dir=/usr/include/c++/4.9 --libdir=/usr/lib --enable-nls --with-sysroot=/ --enable-clocale=gnu --enable-libstdcxx-debug --enable-libstdcxx-time=yes --enable-gnu-unique-object --disable-libitm --disable-libquadmath --enable-plugin --with-system-zlib --disable-browser-plugin --enable-java-awt=gtk --enable-gtk-cairo --with-java-home=/usr/lib/jvm/java-1.5.0-gcj-4.9-armhf/jre --enable-java-home --with-jvm-root-dir=/usr/lib/jvm/java-1.5.0-gcj-4.9-armhf --with-jvm-jar-dir=/usr/lib/jvm-exports/java-1.5.0-gcj-4.9-armhf --with-arch-directory=arm --with-ecj-jar=/usr/share/java/eclipse-ecj.jar --enable-objc-gc --enable-multiarch --disable-sjlj-exceptions --with-arch=armv6 --with-fpu=vfp --with-float=hard --enable-checking=release --build=arm-linux-gnueabihf --host=arm-linux-gnueabihf --target=arm-linux-gnueabihf
Thread model: posix
gcc version 4.9.2 (Raspbian 4.9.2-10) 
configure:4326: $? = 0
configure:4328: g++ -V </dev/null >&5
g++: error: unrecognized command line option '-V'
g++: fatal error: no input files
compilation terminated.
configure:4331: $? = 4
configure:4334: checking whether we are using the GNU C++ compiler
configure:4358: g++ -c   conftest.cc >&5
configure:4364: $? = 0
configure:4367: test -z 			 || test ! -s conftest.err
configure:4370: $? = 0
configure:4373: test -s conftest.o
configure:4376: $? = 0
configure:4389: result: yes
configure:4395: checking whether g++ accepts -g
configure:4416: g++ -c -g  conftest.cc >&5
configure:4422: $? = 0
configure:4425: test -z 			 || test ! -s conftest.err
configure:4428: $? = 0
configure:4431: test -s conftest.o
configure:4434: $? = 0
configure:4445: result: yes
configure:4487: g++ -c -g -O2  conftest.cc >&5
configure:4493: $? = 0
configure:4496: test -z 			 || test ! -s conftest.err
configure:4499: $? = 0
configure:4502: test -s conftest.o
configure:4505: $? = 0
configure:4531: g++ -c -g -O2  conftest.cc >&5
conftest.cc: In function 'int main()':
conftest.cc:26:9: error: 'exit' was not declared in this scope
 exit (42);
         ^
configure:4537: $? = 1
configure: failed program was:
| /* confdefs.h.  */
| 
| #define PACKAGE_NAME "pamtester"
| #define PACKAGE_TARNAME "pamtester"
| #define PACKAGE_VERSION "0.1.2"
| #define PACKAGE_STRING "pamtester 0.1.2"
| #define PACKAGE_BUGREPORT ""
| #define PACKAGE "pamtester"
| #define VERSION "0.1.2"
| #define STDC_HEADERS 1
| #define HAVE_SYS_TYPES_H 1
| #define HAVE_SYS_STAT_H 1
| #define HAVE_STDLIB_H 1
| #define HAVE_STRING_H 1
| #define HAVE_MEMORY_H 1
| #define HAVE_STRINGS_H 1
| #define HAVE_INTTYPES_H 1
| #define HAVE_STDINT_H 1
| #define HAVE_UNISTD_H 1
| #define HAVE_DLFCN_H 1
| /* end confdefs.h.  */
| 
| int
| main ()
| {
| exit (42);
|   ;
|   return 0;
| }
configure:4487: g++ -c -g -O2  conftest.cc >&5
conftest.cc:22:40: error: 'void std::exit(int)' should have been declared inside 'std'
 extern "C" void std::exit (int) throw (); using std::exit;
                                        ^
configure:4493: $? = 1
configure: failed program was:
| /* confdefs.h.  */
| 
| #define PACKAGE_NAME "pamtester"
| #define PACKAGE_TARNAME "pamtester"
| #define PACKAGE_VERSION "0.1.2"
| #define PACKAGE_STRING "pamtester 0.1.2"
| #define PACKAGE_BUGREPORT ""
| #define PACKAGE "pamtester"
| #define VERSION "0.1.2"
| #define STDC_HEADERS 1
| #define HAVE_SYS_TYPES_H 1
| #define HAVE_SYS_STAT_H 1
| #define HAVE_STDLIB_H 1
| #define HAVE_STRING_H 1
| #define HAVE_MEMORY_H 1
| #define HAVE_STRINGS_H 1
| #define HAVE_INTTYPES_H 1
| #define HAVE_STDINT_H 1
| #define HAVE_UNISTD_H 1
| #define HAVE_DLFCN_H 1
| /* end confdefs.h.  */
| extern "C" void std::exit (int) throw (); using std::exit;
| #include <stdlib.h>
| int
| main ()
| {
| exit (42);
|   ;
|   return 0;
| }
configure:4487: g++ -c -g -O2  conftest.cc >&5
conftest.cc:22:31: error: 'void std::exit(int)' should have been declared inside 'std'
 extern "C" void std::exit (int); using std::exit;
                               ^
In file included from conftest.cc:23:0:
/usr/include/stdlib.h:543:70: error: declaration of 'void std::exit(int) throw ()' has a different exception specifier
 extern void exit (int __status) __THROW __attribute__ ((__noreturn__));
                                                                      ^
conftest.cc:22:17: error: from previous declaration 'void std::exit(int)'
 extern "C" void std::exit (int); using std::exit;
                 ^
configure:4493: $? = 1
configure: failed program was:
| /* confdefs.h.  */
| 
| #define PACKAGE_NAME "pamtester"
| #define PACKAGE_TARNAME "pamtester"
| #define PACKAGE_VERSION "0.1.2"
| #define PACKAGE_STRING "pamtester 0.1.2"
| #define PACKAGE_BUGREPORT ""
| #define PACKAGE "pamtester"
| #define VERSION "0.1.2"
| #define STDC_HEADERS 1
| #define HAVE_SYS_TYPES_H 1
| #define HAVE_SYS_STAT_H 1
| #define HAVE_STDLIB_H 1
| #define HAVE_STRING_H 1
| #define HAVE_MEMORY_H 1
| #define HAVE_STRINGS_H 1
| #define HAVE_INTTYPES_H 1
| #define HAVE_STDINT_H 1
| #define HAVE_UNISTD_H 1
| #define HAVE_DLFCN_H 1
| /* end confdefs.h.  */
| extern "C" void std::exit (int); using std::exit;
| #include <stdlib.h>
| int
| main ()
| {
| exit (42);
|   ;
|   return 0;
| }
configure:4487: g++ -c -g -O2  conftest.cc >&5
configure:4493: $? = 0
configure:4496: test -z 			 || test ! -s conftest.err
configure:4499: $? = 0
configure:4502: test -s conftest.o
configure:4505: $? = 0
configure:4531: g++ -c -g -O2  conftest.cc >&5
configure:4537: $? = 0
configure:4540: test -z 			 || test ! -s conftest.err
configure:4543: $? = 0
configure:4546: test -s conftest.o
configure:4549: $? = 0
configure:4577: checking how to run the C++ preprocessor
configure:4608: g++ -E  conftest.cc
configure:4614: $? = 0
configure:4646: g++ -E  conftest.cc
conftest.cc:25:28: fatal error: ac_nonexistent.h: No such file or directory
 #include <ac_nonexistent.h>
                            ^
compilation terminated.
configure:4652: $? = 1
configure: failed program was:
| /* confdefs.h.  */
| 
| #define PACKAGE_NAME "pamtester"
| #define PACKAGE_TARNAME "pamtester"
| #define PACKAGE_VERSION "0.1.2"
| #define PACKAGE_STRING "pamtester 0.1.2"
| #define PACKAGE_BUGREPORT ""
| #define PACKAGE "pamtester"
| #define VERSION "0.1.2"
| #define STDC_HEADERS 1
| #define HAVE_SYS_TYPES_H 1
| #define HAVE_SYS_STAT_H 1
| #define HAVE_STDLIB_H 1
| #define HAVE_STRING_H 1
| #define HAVE_MEMORY_H 1
| #define HAVE_STRINGS_H 1
| #define HAVE_INTTYPES_H 1
| #define HAVE_STDINT_H 1
| #define HAVE_UNISTD_H 1
| #define HAVE_DLFCN_H 1
| #ifdef __cplusplus
| extern "C" void exit (int) throw ();
| #endif
| /* end confdefs.h.  */
| #include <ac_nonexistent.h>
configure:4691: result: g++ -E
configure:4715: g++ -E  conftest.cc
configure:4721: $? = 0
configure:4753: g++ -E  conftest.cc
conftest.cc:25:28: fatal error: ac_nonexistent.h: No such file or directory
 #include <ac_nonexistent.h>
                            ^
compilation terminated.
configure:4759: $? = 1
configure: failed program was:
| /* confdefs.h.  */
| 
| #define PACKAGE_NAME "pamtester"
| #define PACKAGE_TARNAME "pamtester"
| #define PACKAGE_VERSION "0.1.2"
| #define PACKAGE_STRING "pamtester 0.1.2"
| #define PACKAGE_BUGREPORT ""
| #define PACKAGE "pamtester"
| #define VERSION "0.1.2"
| #define STDC_HEADERS 1
| #define HAVE_SYS_TYPES_H 1
| #define HAVE_SYS_STAT_H 1
| #define HAVE_STDLIB_H 1
| #define HAVE_STRING_H 1
| #define HAVE_MEMORY_H 1
| #define HAVE_STRINGS_H 1
| #define HAVE_INTTYPES_H 1
| #define HAVE_STDINT_H 1
| #define HAVE_UNISTD_H 1
| #define HAVE_DLFCN_H 1
| #ifdef __cplusplus
| extern "C" void exit (int) throw ();
| #endif
| /* end confdefs.h.  */
| #include <ac_nonexistent.h>
configure:4854: checking for g77
configure:4883: result: no
configure:4854: checking for f77
configure:4883: result: no
configure:4854: checking for xlf
configure:4883: result: no
configure:4854: checking for frt
configure:4883: result: no
configure:4854: checking for pgf77
configure:4883: result: no
configure:4854: checking for fort77
configure:4883: result: no
configure:4854: checking for fl32
configure:4883: result: no
configure:4854: checking for af77
configure:4883: result: no
configure:4854: checking for f90
configure:4883: result: no
configure:4854: checking for xlf90
configure:4883: result: no
configure:4854: checking for pgf90
configure:4883: result: no
configure:4854: checking for epcf90
configure:4883: result: no
configure:4854: checking for f95
configure:4883: result: no
configure:4854: checking for fort
configure:4883: result: no
configure:4854: checking for xlf95
configure:4883: result: no
configure:4854: checking for ifc
configure:4883: result: no
configure:4854: checking for efc
configure:4883: result: no
configure:4854: checking for pgf95
configure:4883: result: no
configure:4854: checking for lf95
configure:4883: result: no
configure:4854: checking for gfortran
configure:4883: result: no
configure:4895: checking for Fortran 77 compiler version
configure:4898:  --version </dev/null >&5
./configure: line 4899: --version: command not found
configure:4901: $? = 127
configure:4903:  -v </dev/null >&5
./configure: line 4904: -v: command not found
configure:4906: $? = 127
configure:4908:  -V </dev/null >&5
./configure: line 4909: -V: command not found
configure:4911: $? = 127
configure:4919: checking whether we are using the GNU Fortran 77 compiler
configure:4933:  -c  conftest.F >&5
./configure: line 4934: -c: command not found
configure:4939: $? = 127
configure: failed program was:
|       program main
| #ifndef __GNUC__
|        choke me
| #endif
| 
|       end
configure:4964: result: no
configure:4970: checking whether  accepts -g
configure:4982:  -c -g conftest.f >&5
./configure: line 4983: -c: command not found
configure:4988: $? = 127
configure: failed program was:
|       program main
| 
|       end
configure:5012: result: no
configure:5042: checking the maximum length of command line arguments
configure:5107: result: 32768
configure:5118: checking command to parse /usr/bin/nm -B output from gcc object
configure:5207: gcc -c -g -O2  conftest.c >&5
configure:5210: $? = 0
configure:5214: /usr/bin/nm -B conftest.o \| sed -n -e 's/^.*[ 	]\([ABCDGIRSTW][ABCDGIRSTW]*\)[ 	][ 	]*\(\)\([_A-Za-z][_A-Za-z0-9]*\)$/\1 \2\3 \3/p' \> conftest.nm
configure:5217: $? = 0
configure:5269: gcc -o conftest -g -O2   conftest.c conftstm.o >&5
configure:5272: $? = 0
configure:5310: result: ok
configure:5314: checking for objdir
configure:5329: result: .libs
configure:5419: checking for ar
configure:5435: found /usr/bin/ar
configure:5446: result: ar
configure:5499: checking for ranlib
configure:5515: found /usr/bin/ranlib
configure:5526: result: ranlib
configure:5579: checking for strip
configure:5595: found /usr/bin/strip
configure:5606: result: strip
configure:5868: checking if gcc static flag  works
configure:5891: result: yes
configure:5909: checking if gcc supports -fno-rtti -fno-exceptions
configure:5927: gcc -c -g -O2  -fno-rtti -fno-exceptions conftest.c >&5
cc1: warning: command line option '-fno-rtti' is valid for C++/ObjC++ but not for C
configure:5931: $? = 0
configure:5942: result: no
configure:5957: checking for gcc option to produce PIC
configure:6134: result: -fPIC
configure:6142: checking if gcc PIC flag -fPIC works
configure:6160: gcc -c -g -O2  -fPIC -DPIC conftest.c >&5
configure:6164: $? = 0
configure:6175: result: yes
configure:6199: checking if gcc supports -c -o file.o
configure:6220: gcc -c -g -O2  -o out/conftest2.o conftest.c >&5
configure:6224: $? = 0
configure:6244: result: yes
configure:6270: checking whether the gcc linker (/usr/bin/ld) supports shared libraries
configure:7117: result: yes
configure:7143: checking whether -lc should be explicitly linked in
configure:7148: gcc -c -g -O2  conftest.c >&5
configure:7151: $? = 0
configure:7165: gcc -shared conftest.o  -v -Wl,-soname -Wl,conftest -o conftest 2\>\&1 \| grep  -lc  \>/dev/null 2\>\&1
configure:7168: $? = 0
configure:7180: result: no
configure:7188: checking dynamic linker characteristics
configure:7740: result: GNU/Linux ld.so
configure:7744: checking how to hardcode library paths into programs
configure:7769: result: immediate
configure:7783: checking whether stripping libraries is possible
configure:7788: result: yes
configure:8611: checking if libtool supports shared libraries
configure:8613: result: yes
configure:8616: checking whether to build shared libraries
configure:8674: result: yes
configure:8677: checking whether to build static libraries
configure:8681: result: yes
configure:8773: creating libtool
configure:9320: checking for ld used by g++
configure:9387: result: /usr/bin/ld
configure:9396: checking if the linker (/usr/bin/ld) is GNU ld
configure:9411: result: yes
configure:9462: checking whether the g++ linker (/usr/bin/ld) supports shared libraries
configure:10288: result: yes
configure:10306: g++ -c -g -O2  conftest.cc >&5
configure:10309: $? = 0
configure:10405: checking for g++ option to produce PIC
configure:10657: result: -fPIC
configure:10665: checking if g++ PIC flag -fPIC works
configure:10683: g++ -c -g -O2  -fPIC -DPIC conftest.cc >&5
configure:10687: $? = 0
configure:10698: result: yes
configure:10722: checking if g++ supports -c -o file.o
configure:10743: g++ -c -g -O2  -o out/conftest2.o conftest.cc >&5
configure:10747: $? = 0
configure:10767: result: yes
configure:10793: checking whether the g++ linker (/usr/bin/ld) supports shared libraries
configure:10821: result: yes
configure:10892: checking dynamic linker characteristics
configure:11444: result: GNU/Linux ld.so
configure:11448: checking how to hardcode library paths into programs
configure:11473: result: immediate
configure:11487: checking whether stripping libraries is possible
configure:11492: result: yes
configure:18766: checking for pam_start in -lpam
configure:18796: gcc -o conftest -g -O2   conftest.c -lpam    >&5
configure:18802: $? = 0
configure:18805: test -z 			 || test ! -s conftest.err
configure:18808: $? = 0
configure:18811: test -s conftest
configure:18814: $? = 0
configure:18827: result: yes
configure:18857: checking pam/pam_misc.h usability
configure:18869: gcc -c -g -O2   conftest.c >&5
conftest.c:59:26: fatal error: pam/pam_misc.h: No such file or directory
 #include <pam/pam_misc.h>
                          ^
compilation terminated.
configure:18875: $? = 1
configure: failed program was:
| /* confdefs.h.  */
| 
| #define PACKAGE_NAME "pamtester"
| #define PACKAGE_TARNAME "pamtester"
| #define PACKAGE_VERSION "0.1.2"
| #define PACKAGE_STRING "pamtester 0.1.2"
| #define PACKAGE_BUGREPORT ""
| #define PACKAGE "pamtester"
| #define VERSION "0.1.2"
| #define STDC_HEADERS 1
| #define HAVE_SYS_TYPES_H 1
| #define HAVE_SYS_STAT_H 1
| #define HAVE_STDLIB_H 1
| #define HAVE_STRING_H 1
| #define HAVE_MEMORY_H 1
| #define HAVE_STRINGS_H 1
| #define HAVE_INTTYPES_H 1
| #define HAVE_STDINT_H 1
| #define HAVE_UNISTD_H 1
| #define HAVE_DLFCN_H 1
| #ifdef __cplusplus
| extern "C" void exit (int) throw ();
| #endif
| /* end confdefs.h.  */
| #include <stdio.h>
| #if HAVE_SYS_TYPES_H
| # include <sys/types.h>
| #endif
| #if HAVE_SYS_STAT_H
| # include <sys/stat.h>
| #endif
| #if STDC_HEADERS
| # include <stdlib.h>
| # include <stddef.h>
| #else
| # if HAVE_STDLIB_H
| #  include <stdlib.h>
| # endif
| #endif
| #if HAVE_STRING_H
| # if !STDC_HEADERS && HAVE_MEMORY_H
| #  include <memory.h>
| # endif
| # include <string.h>
| #endif
| #if HAVE_STRINGS_H
| # include <strings.h>
| #endif
| #if HAVE_INTTYPES_H
| # include <inttypes.h>
| #else
| # if HAVE_STDINT_H
| #  include <stdint.h>
| # endif
| #endif
| #if HAVE_UNISTD_H
| # include <unistd.h>
| #endif
| #include <pam/pam_misc.h>
configure:18897: result: no
configure:18901: checking pam/pam_misc.h presence
configure:18911: gcc -E   conftest.c
conftest.c:25:26: fatal error: pam/pam_misc.h: No such file or directory
 #include <pam/pam_misc.h>
                          ^
compilation terminated.
configure:18917: $? = 1
configure: failed program was:
| /* confdefs.h.  */
| 
| #define PACKAGE_NAME "pamtester"
| #define PACKAGE_TARNAME "pamtester"
| #define PACKAGE_VERSION "0.1.2"
| #define PACKAGE_STRING "pamtester 0.1.2"
| #define PACKAGE_BUGREPORT ""
| #define PACKAGE "pamtester"
| #define VERSION "0.1.2"
| #define STDC_HEADERS 1
| #define HAVE_SYS_TYPES_H 1
| #define HAVE_SYS_STAT_H 1
| #define HAVE_STDLIB_H 1
| #define HAVE_STRING_H 1
| #define HAVE_MEMORY_H 1
| #define HAVE_STRINGS_H 1
| #define HAVE_INTTYPES_H 1
| #define HAVE_STDINT_H 1
| #define HAVE_UNISTD_H 1
| #define HAVE_DLFCN_H 1
| #ifdef __cplusplus
| extern "C" void exit (int) throw ();
| #endif
| /* end confdefs.h.  */
| #include <pam/pam_misc.h>
configure:18937: result: no
configure:18972: checking for pam/pam_misc.h
configure:18979: result: no
configure:18857: checking security/pam_misc.h usability
configure:18869: gcc -c -g -O2   conftest.c >&5
configure:18875: $? = 0
configure:18878: test -z 			 || test ! -s conftest.err
configure:18881: $? = 0
configure:18884: test -s conftest.o
configure:18887: $? = 0
configure:18897: result: yes
configure:18901: checking security/pam_misc.h presence
configure:18911: gcc -E   conftest.c
configure:18917: $? = 0
configure:18937: result: yes
configure:18972: checking for security/pam_misc.h
configure:18979: result: yes
configure:18988: checking for misc_conv in -lpam_misc
configure:19018: gcc -o conftest -g -O2    conftest.c -lpam_misc    -lpam >&5
configure:19024: $? = 0
configure:19027: test -z 			 || test ! -s conftest.err
configure:19030: $? = 0
configure:19033: test -s conftest
configure:19036: $? = 0
configure:19049: result: yes
configure:18857: checking pam_misc.h usability
configure:18869: gcc -c -g -O2   conftest.c >&5
conftest.c:61:22: fatal error: pam_misc.h: No such file or directory
 #include <pam_misc.h>
                      ^
compilation terminated.
configure:18875: $? = 1
configure: failed program was:
| /* confdefs.h.  */
| 
| #define PACKAGE_NAME "pamtester"
| #define PACKAGE_TARNAME "pamtester"
| #define PACKAGE_VERSION "0.1.2"
| #define PACKAGE_STRING "pamtester 0.1.2"
| #define PACKAGE_BUGREPORT ""
| #define PACKAGE "pamtester"
| #define VERSION "0.1.2"
| #define STDC_HEADERS 1
| #define HAVE_SYS_TYPES_H 1
| #define HAVE_SYS_STAT_H 1
| #define HAVE_STDLIB_H 1
| #define HAVE_STRING_H 1
| #define HAVE_MEMORY_H 1
| #define HAVE_STRINGS_H 1
| #define HAVE_INTTYPES_H 1
| #define HAVE_STDINT_H 1
| #define HAVE_UNISTD_H 1
| #define HAVE_DLFCN_H 1
| #ifdef __cplusplus
| extern "C" void exit (int) throw ();
| #endif
| #define HAVE_SECURITY_PAM_MISC_H 1
| #define HAVE_MISC_CONV 1
| /* end confdefs.h.  */
| #include <stdio.h>
| #if HAVE_SYS_TYPES_H
| # include <sys/types.h>
| #endif
| #if HAVE_SYS_STAT_H
| # include <sys/stat.h>
| #endif
| #if STDC_HEADERS
| # include <stdlib.h>
| # include <stddef.h>
| #else
| # if HAVE_STDLIB_H
| #  include <stdlib.h>
| # endif
| #endif
| #if HAVE_STRING_H
| # if !STDC_HEADERS && HAVE_MEMORY_H
| #  include <memory.h>
| # endif
| # include <string.h>
| #endif
| #if HAVE_STRINGS_H
| # include <strings.h>
| #endif
| #if HAVE_INTTYPES_H
| # include <inttypes.h>
| #else
| # if HAVE_STDINT_H
| #  include <stdint.h>
| # endif
| #endif
| #if HAVE_UNISTD_H
| # include <unistd.h>
| #endif
| #include <pam_misc.h>
configure:18897: result: no
configure:18901: checking pam_misc.h presence
configure:18911: gcc -E   conftest.c
conftest.c:27:22: fatal error: pam_misc.h: No such file or directory
 #include <pam_misc.h>
                      ^
compilation terminated.
configure:18917: $? = 1
configure: failed program was:
| /* confdefs.h.  */
| 
| #define PACKAGE_NAME "pamtester"
| #define PACKAGE_TARNAME "pamtester"
| #define PACKAGE_VERSION "0.1.2"
| #define PACKAGE_STRING "pamtester 0.1.2"
| #define PACKAGE_BUGREPORT ""
| #define PACKAGE "pamtester"
| #define VERSION "0.1.2"
| #define STDC_HEADERS 1
| #define HAVE_SYS_TYPES_H 1
| #define HAVE_SYS_STAT_H 1
| #define HAVE_STDLIB_H 1
| #define HAVE_STRING_H 1
| #define HAVE_MEMORY_H 1
| #define HAVE_STRINGS_H 1
| #define HAVE_INTTYPES_H 1
| #define HAVE_STDINT_H 1
| #define HAVE_UNISTD_H 1
| #define HAVE_DLFCN_H 1
| #ifdef __cplusplus
| extern "C" void exit (int) throw ();
| #endif
| #define HAVE_SECURITY_PAM_MISC_H 1
| #define HAVE_MISC_CONV 1
| /* end confdefs.h.  */
| #include <pam_misc.h>
configure:18937: result: no
configure:18972: checking for pam_misc.h
configure:18979: result: no
configure:19236: checking pam/pam_appl.h usability
configure:19248: gcc -c -g -O2   conftest.c >&5
conftest.c:61:26: fatal error: pam/pam_appl.h: No such file or directory
 #include <pam/pam_appl.h>
                          ^
compilation terminated.
configure:19254: $? = 1
configure: failed program was:
| /* confdefs.h.  */
| 
| #define PACKAGE_NAME "pamtester"
| #define PACKAGE_TARNAME "pamtester"
| #define PACKAGE_VERSION "0.1.2"
| #define PACKAGE_STRING "pamtester 0.1.2"
| #define PACKAGE_BUGREPORT ""
| #define PACKAGE "pamtester"
| #define VERSION "0.1.2"
| #define STDC_HEADERS 1
| #define HAVE_SYS_TYPES_H 1
| #define HAVE_SYS_STAT_H 1
| #define HAVE_STDLIB_H 1
| #define HAVE_STRING_H 1
| #define HAVE_MEMORY_H 1
| #define HAVE_STRINGS_H 1
| #define HAVE_INTTYPES_H 1
| #define HAVE_STDINT_H 1
| #define HAVE_UNISTD_H 1
| #define HAVE_DLFCN_H 1
| #ifdef __cplusplus
| extern "C" void exit (int) throw ();
| #endif
| #define HAVE_SECURITY_PAM_MISC_H 1
| #define HAVE_MISC_CONV 1
| /* end confdefs.h.  */
| #include <stdio.h>
| #if HAVE_SYS_TYPES_H
| # include <sys/types.h>
| #endif
| #if HAVE_SYS_STAT_H
| # include <sys/stat.h>
| #endif
| #if STDC_HEADERS
| # include <stdlib.h>
| # include <stddef.h>
| #else
| # if HAVE_STDLIB_H
| #  include <stdlib.h>
| # endif
| #endif
| #if HAVE_STRING_H
| # if !STDC_HEADERS && HAVE_MEMORY_H
| #  include <memory.h>
| # endif
| # include <string.h>
| #endif
| #if HAVE_STRINGS_H
| # include <strings.h>
| #endif
| #if HAVE_INTTYPES_H
| # include <inttypes.h>
| #else
| # if HAVE_STDINT_H
| #  include <stdint.h>
| # endif
| #endif
| #if HAVE_UNISTD_H
| # include <unistd.h>
| #endif
| #include <pam/pam_appl.h>
configure:19276: result: no
configure:19280: checking pam/pam_appl.h presence
configure:19290: gcc -E   conftest.c
conftest.c:27:26: fatal error: pam/pam_appl.h: No such file or directory
 #include <pam/pam_appl.h>
                          ^
compilation terminated.
configure:19296: $? = 1
configure: failed program was:
| /* confdefs.h.  */
| 
| #define PACKAGE_NAME "pamtester"
| #define PACKAGE_TARNAME "pamtester"
| #define PACKAGE_VERSION "0.1.2"
| #define PACKAGE_STRING "pamtester 0.1.2"
| #define PACKAGE_BUGREPORT ""
| #define PACKAGE "pamtester"
| #define VERSION "0.1.2"
| #define STDC_HEADERS 1
| #define HAVE_SYS_TYPES_H 1
| #define HAVE_SYS_STAT_H 1
| #define HAVE_STDLIB_H 1
| #define HAVE_STRING_H 1
| #define HAVE_MEMORY_H 1
| #define HAVE_STRINGS_H 1
| #define HAVE_INTTYPES_H 1
| #define HAVE_STDINT_H 1
| #define HAVE_UNISTD_H 1
| #define HAVE_DLFCN_H 1
| #ifdef __cplusplus
| extern "C" void exit (int) throw ();
| #endif
| #define HAVE_SECURITY_PAM_MISC_H 1
| #define HAVE_MISC_CONV 1
| /* end confdefs.h.  */
| #include <pam/pam_appl.h>
configure:19316: result: no
configure:19351: checking for pam/pam_appl.h
configure:19358: result: no
configure:19388: checking security/pam_appl.h usability
configure:19400: gcc -c -g -O2   conftest.c >&5
configure:19406: $? = 0
configure:19409: test -z 			 || test ! -s conftest.err
configure:19412: $? = 0
configure:19415: test -s conftest.o
configure:19418: $? = 0
configure:19428: result: yes
configure:19432: checking security/pam_appl.h presence
configure:19442: gcc -E   conftest.c
configure:19448: $? = 0
configure:19468: result: yes
configure:19503: checking for security/pam_appl.h
configure:19510: result: yes
configure:19540: checking pam_appl.h usability
configure:19552: gcc -c -g -O2   conftest.c >&5
conftest.c:62:22: fatal error: pam_appl.h: No such file or directory
 #include <pam_appl.h>
                      ^
compilation terminated.
configure:19558: $? = 1
configure: failed program was:
| /* confdefs.h.  */
| 
| #define PACKAGE_NAME "pamtester"
| #define PACKAGE_TARNAME "pamtester"
| #define PACKAGE_VERSION "0.1.2"
| #define PACKAGE_STRING "pamtester 0.1.2"
| #define PACKAGE_BUGREPORT ""
| #define PACKAGE "pamtester"
| #define VERSION "0.1.2"
| #define STDC_HEADERS 1
| #define HAVE_SYS_TYPES_H 1
| #define HAVE_SYS_STAT_H 1
| #define HAVE_STDLIB_H 1
| #define HAVE_STRING_H 1
| #define HAVE_MEMORY_H 1
| #define HAVE_STRINGS_H 1
| #define HAVE_INTTYPES_H 1
| #define HAVE_STDINT_H 1
| #define HAVE_UNISTD_H 1
| #define HAVE_DLFCN_H 1
| #ifdef __cplusplus
| extern "C" void exit (int) throw ();
| #endif
| #define HAVE_SECURITY_PAM_MISC_H 1
| #define HAVE_MISC_CONV 1
| #define HAVE_SECURITY_PAM_APPL_H 1
| /* end confdefs.h.  */
| #include <stdio.h>
| #if HAVE_SYS_TYPES_H
| # include <sys/types.h>
| #endif
| #if HAVE_SYS_STAT_H
| # include <sys/stat.h>
| #endif
| #if STDC_HEADERS
| # include <stdlib.h>
| # include <stddef.h>
| #else
| # if HAVE_STDLIB_H
| #  include <stdlib.h>
| # endif
| #endif
| #if HAVE_STRING_H
| # if !STDC_HEADERS && HAVE_MEMORY_H
| #  include <memory.h>
| # endif
| # include <string.h>
| #endif
| #if HAVE_STRINGS_H
| # include <strings.h>
| #endif
| #if HAVE_INTTYPES_H
| # include <inttypes.h>
| #else
| # if HAVE_STDINT_H
| #  include <stdint.h>
| # endif
| #endif
| #if HAVE_UNISTD_H
| # include <unistd.h>
| #endif
| #include <pam_appl.h>
configure:19580: result: no
configure:19584: checking pam_appl.h presence
configure:19594: gcc -E   conftest.c
conftest.c:28:22: fatal error: pam_appl.h: No such file or directory
 #include <pam_appl.h>
                      ^
compilation terminated.
configure:19600: $? = 1
configure: failed program was:
| /* confdefs.h.  */
| 
| #define PACKAGE_NAME "pamtester"
| #define PACKAGE_TARNAME "pamtester"
| #define PACKAGE_VERSION "0.1.2"
| #define PACKAGE_STRING "pamtester 0.1.2"
| #define PACKAGE_BUGREPORT ""
| #define PACKAGE "pamtester"
| #define VERSION "0.1.2"
| #define STDC_HEADERS 1
| #define HAVE_SYS_TYPES_H 1
| #define HAVE_SYS_STAT_H 1
| #define HAVE_STDLIB_H 1
| #define HAVE_STRING_H 1
| #define HAVE_MEMORY_H 1
| #define HAVE_STRINGS_H 1
| #define HAVE_INTTYPES_H 1
| #define HAVE_STDINT_H 1
| #define HAVE_UNISTD_H 1
| #define HAVE_DLFCN_H 1
| #ifdef __cplusplus
| extern "C" void exit (int) throw ();
| #endif
| #define HAVE_SECURITY_PAM_MISC_H 1
| #define HAVE_MISC_CONV 1
| #define HAVE_SECURITY_PAM_APPL_H 1
| /* end confdefs.h.  */
| #include <pam_appl.h>
configure:19620: result: no
configure:19655: checking for pam_appl.h
configure:19662: result: no
configure:19678: checking if the second argument of pam_conv.conv() takes const pointer
configure:19705: gcc -c -Wall -Werror -g -O2   conftest.c >&5
conftest.c: In function 'main':
conftest.c:36:56: error: 'NULL' undeclared (first use in this function)
       struct pam_response **resp, void *appdata_ptr) = NULL;
                                                        ^
conftest.c:36:56: note: each undeclared identifier is reported only once for each function it appears in
conftest.c:37:19: error: variable 'c' set but not used [-Werror=unused-but-set-variable]
   struct pam_conv c = { conv, NULL };
                   ^
cc1: all warnings being treated as errors
configure:19711: $? = 1
configure: failed program was:
| /* confdefs.h.  */
| 
| #define PACKAGE_NAME "pamtester"
| #define PACKAGE_TARNAME "pamtester"
| #define PACKAGE_VERSION "0.1.2"
| #define PACKAGE_STRING "pamtester 0.1.2"
| #define PACKAGE_BUGREPORT ""
| #define PACKAGE "pamtester"
| #define VERSION "0.1.2"
| #define STDC_HEADERS 1
| #define HAVE_SYS_TYPES_H 1
| #define HAVE_SYS_STAT_H 1
| #define HAVE_STDLIB_H 1
| #define HAVE_STRING_H 1
| #define HAVE_MEMORY_H 1
| #define HAVE_STRINGS_H 1
| #define HAVE_INTTYPES_H 1
| #define HAVE_STDINT_H 1
| #define HAVE_UNISTD_H 1
| #define HAVE_DLFCN_H 1
| #ifdef __cplusplus
| extern "C" void exit (int) throw ();
| #endif
| #define HAVE_SECURITY_PAM_MISC_H 1
| #define HAVE_MISC_CONV 1
| #define HAVE_SECURITY_PAM_APPL_H 1
| /* end confdefs.h.  */
| 
| #include <security/pam_appl.h>
| 
| int
| main ()
| {
| 
|   int (*conv)(int num_msg, const struct pam_message **msg,
|       struct pam_response **resp, void *appdata_ptr) = NULL;
|   struct pam_conv c = { conv, NULL };
|   c.conv = NULL;
| 
|   ;
|   return 0;
| }
configure:19739: result: no
configure:19758: checking for ANSI C header files
configure:19913: result: yes
configure:19931: checking for string.h
configure:19936: result: yes
configure:19931: checking for unistd.h
configure:19936: result: yes
configure:19931: checking for memory.h
configure:19936: result: yes
configure:19940: checking errno.h usability
configure:19952: gcc -c -g -O2  conftest.c >&5
configure:19958: $? = 0
configure:19961: test -z 			 || test ! -s conftest.err
configure:19964: $? = 0
configure:19967: test -s conftest.o
configure:19970: $? = 0
configure:19980: result: yes
configure:19984: checking errno.h presence
configure:19994: gcc -E  conftest.c
configure:20000: $? = 0
configure:20020: result: yes
configure:20055: checking for errno.h
configure:20062: result: yes
configure:20077: checking for an ANSI C-conforming const
configure:20144: gcc -c -g -O2  conftest.c >&5
configure:20150: $? = 0
configure:20153: test -z 			 || test ! -s conftest.err
configure:20156: $? = 0
configure:20159: test -s conftest.o
configure:20162: $? = 0
configure:20173: result: yes
configure:20183: checking for size_t
configure:20207: gcc -c -g -O2  conftest.c >&5
configure:20213: $? = 0
configure:20216: test -z 			 || test ! -s conftest.err
configure:20219: $? = 0
configure:20222: test -s conftest.o
configure:20225: $? = 0
configure:20236: result: yes
configure:20261: checking for memset
configure:20318: gcc -o conftest -g -O2   conftest.c   -lpam -lpam_misc >&5
conftest.c:58:6: warning: conflicting types for built-in function 'memset'
 char memset ();
      ^
configure:20324: $? = 0
configure:20327: test -z 			 || test ! -s conftest.err
configure:20330: $? = 0
configure:20333: test -s conftest
configure:20336: $? = 0
configure:20348: result: yes
configure:20261: checking for strcasecmp
configure:20318: gcc -o conftest -g -O2   conftest.c   -lpam -lpam_misc >&5
conftest.c:59:6: warning: conflicting types for built-in function 'strcasecmp'
 char strcasecmp ();
      ^
configure:20324: $? = 0
configure:20327: test -z 			 || test ! -s conftest.err
configure:20330: $? = 0
configure:20333: test -s conftest
configure:20336: $? = 0
configure:20348: result: yes
configure:20261: checking for strchr
configure:20318: gcc -o conftest -g -O2   conftest.c   -lpam -lpam_misc >&5
conftest.c:60:6: warning: conflicting types for built-in function 'strchr'
 char strchr ();
      ^
configure:20324: $? = 0
configure:20327: test -z 			 || test ! -s conftest.err
configure:20330: $? = 0
configure:20333: test -s conftest
configure:20336: $? = 0
configure:20348: result: yes
configure:20261: checking for strncasecmp
configure:20318: gcc -o conftest -g -O2   conftest.c   -lpam -lpam_misc >&5
conftest.c:61:6: warning: conflicting types for built-in function 'strncasecmp'
 char strncasecmp ();
      ^
configure:20324: $? = 0
configure:20327: test -z 			 || test ! -s conftest.err
configure:20330: $? = 0
configure:20333: test -s conftest
configure:20336: $? = 0
configure:20348: result: yes
configure:20261: checking for strtol
configure:20318: gcc -o conftest -g -O2   conftest.c   -lpam -lpam_misc >&5
configure:20324: $? = 0
configure:20327: test -z 			 || test ! -s conftest.err
configure:20330: $? = 0
configure:20333: test -s conftest
configure:20336: $? = 0
configure:20348: result: yes
configure:20261: checking for strtoul
configure:20318: gcc -o conftest -g -O2   conftest.c   -lpam -lpam_misc >&5
configure:20324: $? = 0
configure:20327: test -z 			 || test ! -s conftest.err
configure:20330: $? = 0
configure:20333: test -s conftest
configure:20336: $? = 0
configure:20348: result: yes
configure:20261: checking for malloc
configure:20318: gcc -o conftest -g -O2   conftest.c   -lpam -lpam_misc >&5
conftest.c:64:6: warning: conflicting types for built-in function 'malloc'
 char malloc ();
      ^
configure:20324: $? = 0
configure:20327: test -z 			 || test ! -s conftest.err
configure:20330: $? = 0
configure:20333: test -s conftest
configure:20336: $? = 0
configure:20348: result: yes
configure:20261: checking for realloc
configure:20318: gcc -o conftest -g -O2   conftest.c   -lpam -lpam_misc >&5
conftest.c:65:6: warning: conflicting types for built-in function 'realloc'
 char realloc ();
      ^
configure:20324: $? = 0
configure:20327: test -z 			 || test ! -s conftest.err
configure:20330: $? = 0
configure:20333: test -s conftest
configure:20336: $? = 0
configure:20348: result: yes
configure:20456: creating ./config.status

## ---------------------- ##
## Running config.status. ##
## ---------------------- ##

This file was extended by pamtester config.status 0.1.2, which was
generated by GNU Autoconf 2.59.  Invocation command line was

  CONFIG_FILES    = 
  CONFIG_HEADERS  = 
  CONFIG_LINKS    = 
  CONFIG_COMMANDS = 
  $ ./config.status 

on datapi

config.status:739: creating Makefile
config.status:739: creating src/Makefile
config.status:739: creating doc/Makefile
config.status:739: creating doc/pamtester.1
config.status:805: creating config.h
config.status:1105: executing default-1 commands

## ---------------- ##
## Cache variables. ##
## ---------------- ##

ac_cv_build=armv7l-unknown-linux-gnu
ac_cv_build_alias=armv7l-unknown-linux-gnu
ac_cv_c_compiler_gnu=yes
ac_cv_c_const=yes
ac_cv_cxx_compiler_gnu=yes
ac_cv_env_CC_set=
ac_cv_env_CC_value=
ac_cv_env_CFLAGS_set=
ac_cv_env_CFLAGS_value=
ac_cv_env_CPPFLAGS_set=
ac_cv_env_CPPFLAGS_value=
ac_cv_env_CPP_set=
ac_cv_env_CPP_value=
ac_cv_env_CXXCPP_set=
ac_cv_env_CXXCPP_value=
ac_cv_env_CXXFLAGS_set=
ac_cv_env_CXXFLAGS_value=
ac_cv_env_CXX_set=
ac_cv_env_CXX_value=
ac_cv_env_F77_set=
ac_cv_env_F77_value=
ac_cv_env_FFLAGS_set=
ac_cv_env_FFLAGS_value=
ac_cv_env_LDFLAGS_set=
ac_cv_env_LDFLAGS_value=
ac_cv_env_build_alias_set=
ac_cv_env_build_alias_value=
ac_cv_env_host_alias_set=
ac_cv_env_host_alias_value=
ac_cv_env_target_alias_set=
ac_cv_env_target_alias_value=
ac_cv_exeext=
ac_cv_f77_compiler_gnu=no
ac_cv_func_malloc=yes
ac_cv_func_memset=yes
ac_cv_func_realloc=yes
ac_cv_func_strcasecmp=yes
ac_cv_func_strchr=yes
ac_cv_func_strncasecmp=yes
ac_cv_func_strtol=yes
ac_cv_func_strtoul=yes
ac_cv_header_dlfcn_h=yes
ac_cv_header_errno_h=yes
ac_cv_header_inttypes_h=yes
ac_cv_header_memory_h=yes
ac_cv_header_pam_appl_h=no
ac_cv_header_pam_misc_h=no
ac_cv_header_pam_pam_appl_h=no
ac_cv_header_pam_pam_misc_h=no
ac_cv_header_security_pam_appl_h=yes
ac_cv_header_security_pam_misc_h=yes
ac_cv_header_stdc=yes
ac_cv_header_stdint_h=yes
ac_cv_header_stdlib_h=yes
ac_cv_header_string_h=yes
ac_cv_header_strings_h=yes
ac_cv_header_sys_stat_h=yes
ac_cv_header_sys_types_h=yes
ac_cv_header_unistd_h=yes
ac_cv_host=armv7l-unknown-linux-gnu
ac_cv_host_alias=armv7l-unknown-linux-gnu
ac_cv_lib_pam_misc_misc_conv=yes
ac_cv_lib_pam_pam_start=yes
ac_cv_objext=o
ac_cv_path_install='/usr/bin/install -c'
ac_cv_prog_CPP='gcc -E'
ac_cv_prog_CXXCPP='g++ -E'
ac_cv_prog_ac_ct_AR=ar
ac_cv_prog_ac_ct_CC=gcc
ac_cv_prog_ac_ct_CXX=g++
ac_cv_prog_ac_ct_RANLIB=ranlib
ac_cv_prog_ac_ct_STRIP=strip
ac_cv_prog_cc_g=yes
ac_cv_prog_cc_stdc=
ac_cv_prog_cxx_g=yes
ac_cv_prog_egrep='grep -E'
ac_cv_prog_f77_g=no
ac_cv_prog_make_make_set=yes
ac_cv_type_size_t=yes
lt_cv_deplibs_check_method=pass_all
lt_cv_file_magic_cmd='$MAGIC_CMD'
lt_cv_file_magic_test_file=
lt_cv_ld_reload_flag=-r
lt_cv_objdir=.libs
lt_cv_path_LD=/usr/bin/ld
lt_cv_path_LDCXX=/usr/bin/ld
lt_cv_path_NM='/usr/bin/nm -B'
lt_cv_path_SED=/bin/sed
lt_cv_prog_compiler_c_o=yes
lt_cv_prog_compiler_c_o_CXX=yes
lt_cv_prog_compiler_rtti_exceptions=no
lt_cv_prog_gnu_ld=yes
lt_cv_prog_gnu_ldcxx=yes
lt_cv_sys_global_symbol_pipe='sed -n -e '\''s/^.*[ 	]\([ABCDGIRSTW][ABCDGIRSTW]*\)[ 	][ 	]*\(\)\([_A-Za-z][_A-Za-z0-9]*\)$/\1 \2\3 \3/p'\'''
lt_cv_sys_global_symbol_to_c_name_address='sed -n -e '\''s/^: \([^ ]*\) $/  {\"\1\", (lt_ptr) 0},/p'\'' -e '\''s/^[BCDEGRST] \([^ ]*\) \([^ ]*\)$/  {"\2", (lt_ptr) \&\2},/p'\'''
lt_cv_sys_global_symbol_to_cdecl='sed -n -e '\''s/^. .* \(.*\)$/extern int \1;/p'\'''
lt_cv_sys_max_cmd_len=32768
lt_lt_cv_prog_compiler_c_o='"yes"'
lt_lt_cv_prog_compiler_c_o_CXX='"yes"'
lt_lt_cv_sys_global_symbol_pipe='"sed -n -e '\''s/^.*[ 	]\\([ABCDGIRSTW][ABCDGIRSTW]*\\)[ 	][ 	]*\\(\\)\\([_A-Za-z][_A-Za-z0-9]*\\)\$/\\1 \\2\\3 \\3/p'\''"'
lt_lt_cv_sys_global_symbol_to_c_name_address='"sed -n -e '\''s/^: \\([^ ]*\\) \$/  {\\\"\\1\\\", (lt_ptr) 0},/p'\'' -e '\''s/^[BCDEGRST] \\([^ ]*\\) \\([^ ]*\\)\$/  {\"\\2\", (lt_ptr) \\&\\2},/p'\''"'
lt_lt_cv_sys_global_symbol_to_cdecl='"sed -n -e '\''s/^. .* \\(.*\\)\$/extern int \\1;/p'\''"'

## ----------------- ##
## Output variables. ##
## ----------------- ##

ACLOCAL='/home/pi/raspberry/Docker/rpi-pam/build/pamtester-0.1.2/missing aclocal-1.4'
AR='ar'
AUTOCONF='/home/pi/raspberry/Docker/rpi-pam/build/pamtester-0.1.2/missing autoconf'
AUTOHEADER='/home/pi/raspberry/Docker/rpi-pam/build/pamtester-0.1.2/missing autoheader'
AUTOMAKE='/home/pi/raspberry/Docker/rpi-pam/build/pamtester-0.1.2/missing automake-1.4'
CC='gcc'
CFLAGS='-g -O2'
CPP='gcc -E'
CPPFLAGS=''
CXX='g++'
CXXCPP='g++ -E'
CXXFLAGS='-g -O2'
DEFS='-DHAVE_CONFIG_H'
ECHO='echo'
ECHO_C=''
ECHO_N='-n'
ECHO_T=''
EGREP='grep -E'
EXEEXT=''
F77=''
FFLAGS=''
INCLUDES=' '
INSTALL_DATA='${INSTALL} -m 644'
INSTALL_PROGRAM='${INSTALL}'
INSTALL_SCRIPT='${INSTALL}'
LDFLAGS=''
LIBOBJS=''
LIBS='  -lpam -lpam_misc'
LIBTOOL='$(SHELL) $(top_builddir)/libtool'
LN_S='ln -s'
LTLIBOBJS=''
MAINT='#'
MAINTAINER_MODE_FALSE=''
MAINTAINER_MODE_TRUE='#'
MAKEINFO='/home/pi/raspberry/Docker/rpi-pam/build/pamtester-0.1.2/missing makeinfo'
OBJEXT='o'
PACKAGE='pamtester'
PACKAGE_BUGREPORT=''
PACKAGE_NAME='pamtester'
PACKAGE_STRING='pamtester 0.1.2'
PACKAGE_TARNAME='pamtester'
PACKAGE_VERSION='0.1.2'
PATH_SEPARATOR=':'
RANLIB='ranlib'
SET_MAKE=''
SHELL='/bin/bash'
STRIP='strip'
VERSION='0.1.2'
ac_ct_AR='ar'
ac_ct_CC='gcc'
ac_ct_CXX='g++'
ac_ct_F77=''
ac_ct_RANLIB='ranlib'
ac_ct_STRIP='strip'
bindir='${exec_prefix}/bin'
build='armv7l-unknown-linux-gnu'
build_alias=''
build_cpu='armv7l'
build_os='linux-gnu'
build_vendor='unknown'
datadir='${prefix}/share'
exec_prefix='${prefix}'
host='armv7l-unknown-linux-gnu'
host_alias=''
host_cpu='armv7l'
host_os='linux-gnu'
host_vendor='unknown'
includedir='${prefix}/include'
infodir='${prefix}/info'
libdir='${exec_prefix}/lib'
libexecdir='${exec_prefix}/libexec'
localstatedir='${prefix}/var'
mandir='${prefix}/man'
oldincludedir='/usr/include'
prefix='/usr/local'
program_transform_name='s,x,x,'
sbindir='${exec_prefix}/sbin'
sharedstatedir='${prefix}/com'
sysconfdir='${prefix}/etc'
target_alias=''

## ----------- ##
## confdefs.h. ##
## ----------- ##

#define HAVE_DLFCN_H 1
#define HAVE_ERRNO_H 1
#define HAVE_INTTYPES_H 1
#define HAVE_MALLOC 1
#define HAVE_MEMORY_H 1
#define HAVE_MEMORY_H 1
#define HAVE_MEMSET 1
#define HAVE_MISC_CONV 1
#define HAVE_REALLOC 1
#define HAVE_SECURITY_PAM_APPL_H 1
#define HAVE_SECURITY_PAM_MISC_H 1
#define HAVE_STDINT_H 1
#define HAVE_STDLIB_H 1
#define HAVE_STRCASECMP 1
#define HAVE_STRCHR 1
#define HAVE_STRINGS_H 1
#define HAVE_STRING_H 1
#define HAVE_STRING_H 1
#define HAVE_STRNCASECMP 1
#define HAVE_STRTOL 1
#define HAVE_STRTOUL 1
#define HAVE_SYS_STAT_H 1
#define HAVE_SYS_TYPES_H 1
#define HAVE_UNISTD_H 1
#define HAVE_UNISTD_H 1
#define PACKAGE "pamtester"
#define PACKAGE_BUGREPORT ""
#define PACKAGE_NAME "pamtester"
#define PACKAGE_STRING "pamtester 0.1.2"
#define PACKAGE_TARNAME "pamtester"
#define PACKAGE_VERSION "0.1.2"
#define PAM_CONV_CONST
#define STDC_HEADERS 1
#define STDC_HEADERS 1
#define VERSION "0.1.2"
#endif
#ifdef __cplusplus
extern "C" void exit (int) throw ();

configure: exit 0
