This file contains any messages produced by compilers while
running configure, to aid debugging if configure makes a mistake.

It was created by configure, which was
generated by GNU Autoconf 2.59.  Invocation command line was

  $ ./configure --with-mysql=/usr

## --------- ##
## Platform. ##
## --------- ##

hostname = datapi
uname -m = armv7l
uname -r = 4.4.50-v7+
uname -s = Linux
uname -v = #970 SMP Mon Feb 20 19:18:29 GMT 2017

/usr/bin/uname -p = unknown
/bin/uname -X     = unknown

/bin/arch              = unknown
/usr/bin/arch -k       = unknown
/usr/convex/getsysinfo = unknown
hostinfo               = unknown
/bin/machine           = unknown
/usr/bin/oslevel       = unknown
/bin/universe          = unknown

PATH: /usr/local/bin
PATH: /usr/bin
PATH: /bin
PATH: /usr/games


## ----------- ##
## Core tests. ##
## ----------- ##

configure:1537: checking build system type
configure:1555: result: armv7l-unknown-linux-gnu
configure:1563: checking host system type
configure:1577: result: armv7l-unknown-linux-gnu
configure:1585: checking target system type
configure:1599: result: armv7l-unknown-linux-gnu
configure:1628: checking for a BSD-compatible install
configure:1683: result: /usr/bin/install -c
configure:1694: checking whether build environment is sane
configure:1737: result: yes
configure:1802: checking for gawk
configure:1831: result: no
configure:1802: checking for mawk
configure:1818: found /usr/bin/mawk
configure:1828: result: mawk
configure:1838: checking whether make sets $(MAKE)
configure:1858: result: yes
configure:2028: checking whether to enable maintainer-specific portions of Makefiles
configure:2037: result: no
configure:2099: checking for gcc
configure:2115: found /usr/bin/gcc
configure:2125: result: gcc
configure:2369: checking for C compiler version
configure:2372: gcc --version </dev/null >&5
gcc (Raspbian 4.9.2-10) 4.9.2
Copyright (C) 2014 Free Software Foundation, Inc.
This is free software; see the source for copying conditions.  There is NO
warranty; not even for MERCHANTABILITY or FITNESS FOR A PARTICULAR PURPOSE.

configure:2375: $? = 0
configure:2377: gcc -v </dev/null >&5
Using built-in specs.
COLLECT_GCC=gcc
COLLECT_LTO_WRAPPER=/usr/lib/gcc/arm-linux-gnueabihf/4.9/lto-wrapper
Target: arm-linux-gnueabihf
Configured with: ../src/configure -v --with-pkgversion='Raspbian 4.9.2-10' --with-bugurl=file:///usr/share/doc/gcc-4.9/README.Bugs --enable-languages=c,c++,java,go,d,fortran,objc,obj-c++ --prefix=/usr --program-suffix=-4.9 --enable-shared --enable-linker-build-id --libexecdir=/usr/lib --without-included-gettext --enable-threads=posix --with-gxx-include-dir=/usr/include/c++/4.9 --libdir=/usr/lib --enable-nls --with-sysroot=/ --enable-clocale=gnu --enable-libstdcxx-debug --enable-libstdcxx-time=yes --enable-gnu-unique-object --disable-libitm --disable-libquadmath --enable-plugin --with-system-zlib --disable-browser-plugin --enable-java-awt=gtk --enable-gtk-cairo --with-java-home=/usr/lib/jvm/java-1.5.0-gcj-4.9-armhf/jre --enable-java-home --with-jvm-root-dir=/usr/lib/jvm/java-1.5.0-gcj-4.9-armhf --with-jvm-jar-dir=/usr/lib/jvm-exports/java-1.5.0-gcj-4.9-armhf --with-arch-directory=arm --with-ecj-jar=/usr/share/java/eclipse-ecj.jar --enable-objc-gc --enable-multiarch --disable-sjlj-exceptions --with-arch=armv6 --with-fpu=vfp --with-float=hard --enable-checking=release --build=arm-linux-gnueabihf --host=arm-linux-gnueabihf --target=arm-linux-gnueabihf
Thread model: posix
gcc version 4.9.2 (Raspbian 4.9.2-10) 
configure:2380: $? = 0
configure:2382: gcc -V </dev/null >&5
gcc: error: unrecognized command line option '-V'
gcc: fatal error: no input files
compilation terminated.
configure:2385: $? = 4
configure:2408: checking for C compiler default output file name
configure:2411: gcc    conftest.c  >&5
configure:2414: $? = 0
configure:2460: result: a.out
configure:2465: checking whether the C compiler works
configure:2471: ./a.out
configure:2474: $? = 0
configure:2491: result: yes
configure:2498: checking whether we are cross compiling
configure:2500: result: no
configure:2503: checking for suffix of executables
configure:2505: gcc -o conftest    conftest.c  >&5
configure:2508: $? = 0
configure:2533: result: 
configure:2539: checking for suffix of object files
configure:2560: gcc -c   conftest.c >&5
configure:2563: $? = 0
configure:2585: result: o
configure:2589: checking whether we are using the GNU C compiler
configure:2613: gcc -c   conftest.c >&5
configure:2619: $? = 0
configure:2623: test -z 
			 || test ! -s conftest.err
configure:2626: $? = 0
configure:2629: test -s conftest.o
configure:2632: $? = 0
configure:2645: result: yes
configure:2651: checking whether gcc accepts -g
configure:2672: gcc -c -g  conftest.c >&5
configure:2678: $? = 0
configure:2682: test -z 
			 || test ! -s conftest.err
configure:2685: $? = 0
configure:2688: test -s conftest.o
configure:2691: $? = 0
configure:2702: result: yes
configure:2719: checking for gcc option to accept ANSI C
configure:2789: gcc  -c -g -O2  conftest.c >&5
configure:2795: $? = 0
configure:2799: test -z 
			 || test ! -s conftest.err
configure:2802: $? = 0
configure:2805: test -s conftest.o
configure:2808: $? = 0
configure:2826: result: none needed
configure:2844: gcc -c -g -O2  conftest.c >&5
conftest.c:2:3: error: unknown type name 'choke'
   choke me
   ^
conftest.c:2:3: error: expected '=', ',', ';', 'asm' or '__attribute__' at end of input
configure:2850: $? = 1
configure: failed program was:
| #ifndef __cplusplus
|   choke me
| #endif
configure:2994: checking for style of include used by make
configure:3022: result: GNU
configure:3050: checking dependency style of gcc
configure:3140: result: gcc3
configure:3231: checking for a sed that does not truncate output
configure:3285: result: /bin/sed
configure:3288: checking for egrep
configure:3298: result: grep -E
configure:3314: checking for ld used by gcc
configure:3381: result: /usr/bin/ld
configure:3390: checking if the linker (/usr/bin/ld) is GNU ld
configure:3405: result: yes
configure:3410: checking for /usr/bin/ld option to reload object files
configure:3417: result: -r
configure:3426: checking for BSD-compatible nm
configure:3468: result: /usr/bin/nm -B
configure:3472: checking whether ln -s works
configure:3476: result: yes
configure:3483: checking how to recognise dependent libraries
configure:3666: result: pass_all
configure:3880: checking how to run the C preprocessor
configure:3915: gcc -E  conftest.c
configure:3921: $? = 0
configure:3953: gcc -E  conftest.c
conftest.c:11:28: fatal error: ac_nonexistent.h: No such file or directory
 #include <ac_nonexistent.h>
                            ^
compilation terminated.
configure:3959: $? = 1
configure: failed program was:
| /* confdefs.h.  */
| 
| #define PACKAGE_NAME ""
| #define PACKAGE_TARNAME ""
| #define PACKAGE_VERSION ""
| #define PACKAGE_STRING ""
| #define PACKAGE_BUGREPORT ""
| #define PACKAGE "libnss-mysql"
| #define VERSION "1.5"
| /* end confdefs.h.  */
| #include <ac_nonexistent.h>
configure:3998: result: gcc -E
configure:4022: gcc -E  conftest.c
configure:4028: $? = 0
configure:4060: gcc -E  conftest.c
conftest.c:11:28: fatal error: ac_nonexistent.h: No such file or directory
 #include <ac_nonexistent.h>
                            ^
compilation terminated.
configure:4066: $? = 1
configure: failed program was:
| /* confdefs.h.  */
| 
| #define PACKAGE_NAME ""
| #define PACKAGE_TARNAME ""
| #define PACKAGE_VERSION ""
| #define PACKAGE_STRING ""
| #define PACKAGE_BUGREPORT ""
| #define PACKAGE "libnss-mysql"
| #define VERSION "1.5"
| /* end confdefs.h.  */
| #include <ac_nonexistent.h>
configure:4110: checking for ANSI C header files
configure:4135: gcc -c -g -O2  conftest.c >&5
configure:4141: $? = 0
configure:4145: test -z 
			 || test ! -s conftest.err
configure:4148: $? = 0
configure:4151: test -s conftest.o
configure:4154: $? = 0
configure:4243: gcc -o conftest -g -O2   conftest.c  >&5
conftest.c: In function 'main':
conftest.c:28:7: warning: incompatible implicit declaration of built-in function 'exit'
       exit(2);
       ^
configure:4246: $? = 0
configure:4248: ./conftest
configure:4251: $? = 0
configure:4266: result: yes
configure:4290: checking for sys/types.h
configure:4306: gcc -c -g -O2  conftest.c >&5
configure:4312: $? = 0
configure:4316: test -z 
			 || test ! -s conftest.err
configure:4319: $? = 0
configure:4322: test -s conftest.o
configure:4325: $? = 0
configure:4336: result: yes
configure:4290: checking for sys/stat.h
configure:4306: gcc -c -g -O2  conftest.c >&5
configure:4312: $? = 0
configure:4316: test -z 
			 || test ! -s conftest.err
configure:4319: $? = 0
configure:4322: test -s conftest.o
configure:4325: $? = 0
configure:4336: result: yes
configure:4290: checking for stdlib.h
configure:4306: gcc -c -g -O2  conftest.c >&5
configure:4312: $? = 0
configure:4316: test -z 
			 || test ! -s conftest.err
configure:4319: $? = 0
configure:4322: test -s conftest.o
configure:4325: $? = 0
configure:4336: result: yes
configure:4290: checking for string.h
configure:4306: gcc -c -g -O2  conftest.c >&5
configure:4312: $? = 0
configure:4316: test -z 
			 || test ! -s conftest.err
configure:4319: $? = 0
configure:4322: test -s conftest.o
configure:4325: $? = 0
configure:4336: result: yes
configure:4290: checking for memory.h
configure:4306: gcc -c -g -O2  conftest.c >&5
configure:4312: $? = 0
configure:4316: test -z 
			 || test ! -s conftest.err
configure:4319: $? = 0
configure:4322: test -s conftest.o
configure:4325: $? = 0
configure:4336: result: yes
configure:4290: checking for strings.h
configure:4306: gcc -c -g -O2  conftest.c >&5
configure:4312: $? = 0
configure:4316: test -z 
			 || test ! -s conftest.err
configure:4319: $? = 0
configure:4322: test -s conftest.o
configure:4325: $? = 0
configure:4336: result: yes
configure:4290: checking for inttypes.h
configure:4306: gcc -c -g -O2  conftest.c >&5
configure:4312: $? = 0
configure:4316: test -z 
			 || test ! -s conftest.err
configure:4319: $? = 0
configure:4322: test -s conftest.o
configure:4325: $? = 0
configure:4336: result: yes
configure:4290: checking for stdint.h
configure:4306: gcc -c -g -O2  conftest.c >&5
configure:4312: $? = 0
configure:4316: test -z 
			 || test ! -s conftest.err
configure:4319: $? = 0
configure:4322: test -s conftest.o
configure:4325: $? = 0
configure:4336: result: yes
configure:4290: checking for unistd.h
configure:4306: gcc -c -g -O2  conftest.c >&5
configure:4312: $? = 0
configure:4316: test -z 
			 || test ! -s conftest.err
configure:4319: $? = 0
configure:4322: test -s conftest.o
configure:4325: $? = 0
configure:4336: result: yes
configure:4362: checking dlfcn.h usability
configure:4374: gcc -c -g -O2  conftest.c >&5
configure:4380: $? = 0
configure:4384: test -z 
			 || test ! -s conftest.err
configure:4387: $? = 0
configure:4390: test -s conftest.o
configure:4393: $? = 0
configure:4403: result: yes
configure:4407: checking dlfcn.h presence
configure:4417: gcc -E  conftest.c
configure:4423: $? = 0
configure:4443: result: yes
configure:4478: checking for dlfcn.h
configure:4485: result: yes
configure:4550: checking for g++
configure:4566: found /usr/bin/g++
configure:4576: result: g++
configure:4592: checking for C++ compiler version
configure:4595: g++ --version </dev/null >&5
g++ (Raspbian 4.9.2-10) 4.9.2
Copyright (C) 2014 Free Software Foundation, Inc.
This is free software; see the source for copying conditions.  There is NO
warranty; not even for MERCHANTABILITY or FITNESS FOR A PARTICULAR PURPOSE.

configure:4598: $? = 0
configure:4600: g++ -v </dev/null >&5
Using built-in specs.
COLLECT_GCC=g++
COLLECT_LTO_WRAPPER=/usr/lib/gcc/arm-linux-gnueabihf/4.9/lto-wrapper
Target: arm-linux-gnueabihf
Configured with: ../src/configure -v --with-pkgversion='Raspbian 4.9.2-10' --with-bugurl=file:///usr/share/doc/gcc-4.9/README.Bugs --enable-languages=c,c++,java,go,d,fortran,objc,obj-c++ --prefix=/usr --program-suffix=-4.9 --enable-shared --enable-linker-build-id --libexecdir=/usr/lib --without-included-gettext --enable-threads=posix --with-gxx-include-dir=/usr/include/c++/4.9 --libdir=/usr/lib --enable-nls --with-sysroot=/ --enable-clocale=gnu --enable-libstdcxx-debug --enable-libstdcxx-time=yes --enable-gnu-unique-object --disable-libitm --disable-libquadmath --enable-plugin --with-system-zlib --disable-browser-plugin --enable-java-awt=gtk --enable-gtk-cairo --with-java-home=/usr/lib/jvm/java-1.5.0-gcj-4.9-armhf/jre --enable-java-home --with-jvm-root-dir=/usr/lib/jvm/java-1.5.0-gcj-4.9-armhf --with-jvm-jar-dir=/usr/lib/jvm-exports/java-1.5.0-gcj-4.9-armhf --with-arch-directory=arm --with-ecj-jar=/usr/share/java/eclipse-ecj.jar --enable-objc-gc --enable-multiarch --disable-sjlj-exceptions --with-arch=armv6 --with-fpu=vfp --with-float=hard --enable-checking=release --build=arm-linux-gnueabihf --host=arm-linux-gnueabihf --target=arm-linux-gnueabihf
Thread model: posix
gcc version 4.9.2 (Raspbian 4.9.2-10) 
configure:4603: $? = 0
configure:4605: g++ -V </dev/null >&5
g++: error: unrecognized command line option '-V'
g++: fatal error: no input files
compilation terminated.
configure:4608: $? = 4
configure:4611: checking whether we are using the GNU C++ compiler
configure:4635: g++ -c   conftest.cc >&5
configure:4641: $? = 0
configure:4645: test -z 
			 || test ! -s conftest.err
configure:4648: $? = 0
configure:4651: test -s conftest.o
configure:4654: $? = 0
configure:4667: result: yes
configure:4673: checking whether g++ accepts -g
configure:4694: g++ -c -g  conftest.cc >&5
configure:4700: $? = 0
configure:4704: test -z 
			 || test ! -s conftest.err
configure:4707: $? = 0
configure:4710: test -s conftest.o
configure:4713: $? = 0
configure:4724: result: yes
configure:4766: g++ -c -g -O2  conftest.cc >&5
configure:4772: $? = 0
configure:4776: test -z 
			 || test ! -s conftest.err
configure:4779: $? = 0
configure:4782: test -s conftest.o
configure:4785: $? = 0
configure:4811: g++ -c -g -O2  conftest.cc >&5
conftest.cc: In function 'int main()':
conftest.cc:26:9: error: 'exit' was not declared in this scope
 exit (42);
         ^
configure:4817: $? = 1
configure: failed program was:
| /* confdefs.h.  */
| 
| #define PACKAGE_NAME ""
| #define PACKAGE_TARNAME ""
| #define PACKAGE_VERSION ""
| #define PACKAGE_STRING ""
| #define PACKAGE_BUGREPORT ""
| #define PACKAGE "libnss-mysql"
| #define VERSION "1.5"
| #define STDC_HEADERS 1
| #define HAVE_SYS_TYPES_H 1
| #define HAVE_SYS_STAT_H 1
| #define HAVE_STDLIB_H 1
| #define HAVE_STRING_H 1
| #define HAVE_MEMORY_H 1
| #define HAVE_STRINGS_H 1
| #define HAVE_INTTYPES_H 1
| #define HAVE_STDINT_H 1
| #define HAVE_UNISTD_H 1
| #define HAVE_DLFCN_H 1
| /* end confdefs.h.  */
| 
| int
| main ()
| {
| exit (42);
|   ;
|   return 0;
| }
configure:4766: g++ -c -g -O2  conftest.cc >&5
conftest.cc:22:40: error: 'void std::exit(int)' should have been declared inside 'std'
 extern "C" void std::exit (int) throw (); using std::exit;
                                        ^
configure:4772: $? = 1
configure: failed program was:
| /* confdefs.h.  */
| 
| #define PACKAGE_NAME ""
| #define PACKAGE_TARNAME ""
| #define PACKAGE_VERSION ""
| #define PACKAGE_STRING ""
| #define PACKAGE_BUGREPORT ""
| #define PACKAGE "libnss-mysql"
| #define VERSION "1.5"
| #define STDC_HEADERS 1
| #define HAVE_SYS_TYPES_H 1
| #define HAVE_SYS_STAT_H 1
| #define HAVE_STDLIB_H 1
| #define HAVE_STRING_H 1
| #define HAVE_MEMORY_H 1
| #define HAVE_STRINGS_H 1
| #define HAVE_INTTYPES_H 1
| #define HAVE_STDINT_H 1
| #define HAVE_UNISTD_H 1
| #define HAVE_DLFCN_H 1
| /* end confdefs.h.  */
| extern "C" void std::exit (int) throw (); using std::exit;
| #include <stdlib.h>
| int
| main ()
| {
| exit (42);
|   ;
|   return 0;
| }
configure:4766: g++ -c -g -O2  conftest.cc >&5
conftest.cc:22:31: error: 'void std::exit(int)' should have been declared inside 'std'
 extern "C" void std::exit (int); using std::exit;
                               ^
In file included from conftest.cc:23:0:
/usr/include/stdlib.h:543:70: error: declaration of 'void std::exit(int) throw ()' has a different exception specifier
 extern void exit (int __status) __THROW __attribute__ ((__noreturn__));
                                                                      ^
conftest.cc:22:17: error: from previous declaration 'void std::exit(int)'
 extern "C" void std::exit (int); using std::exit;
                 ^
configure:4772: $? = 1
configure: failed program was:
| /* confdefs.h.  */
| 
| #define PACKAGE_NAME ""
| #define PACKAGE_TARNAME ""
| #define PACKAGE_VERSION ""
| #define PACKAGE_STRING ""
| #define PACKAGE_BUGREPORT ""
| #define PACKAGE "libnss-mysql"
| #define VERSION "1.5"
| #define STDC_HEADERS 1
| #define HAVE_SYS_TYPES_H 1
| #define HAVE_SYS_STAT_H 1
| #define HAVE_STDLIB_H 1
| #define HAVE_STRING_H 1
| #define HAVE_MEMORY_H 1
| #define HAVE_STRINGS_H 1
| #define HAVE_INTTYPES_H 1
| #define HAVE_STDINT_H 1
| #define HAVE_UNISTD_H 1
| #define HAVE_DLFCN_H 1
| /* end confdefs.h.  */
| extern "C" void std::exit (int); using std::exit;
| #include <stdlib.h>
| int
| main ()
| {
| exit (42);
|   ;
|   return 0;
| }
configure:4766: g++ -c -g -O2  conftest.cc >&5
configure:4772: $? = 0
configure:4776: test -z 
			 || test ! -s conftest.err
configure:4779: $? = 0
configure:4782: test -s conftest.o
configure:4785: $? = 0
configure:4811: g++ -c -g -O2  conftest.cc >&5
configure:4817: $? = 0
configure:4821: test -z 
			 || test ! -s conftest.err
configure:4824: $? = 0
configure:4827: test -s conftest.o
configure:4830: $? = 0
configure:4855: checking dependency style of g++
configure:4945: result: gcc3
configure:4967: checking how to run the C++ preprocessor
configure:4998: g++ -E  conftest.cc
configure:5004: $? = 0
configure:5036: g++ -E  conftest.cc
conftest.cc:25:28: fatal error: ac_nonexistent.h: No such file or directory
 #include <ac_nonexistent.h>
                            ^
compilation terminated.
configure:5042: $? = 1
configure: failed program was:
| /* confdefs.h.  */
| 
| #define PACKAGE_NAME ""
| #define PACKAGE_TARNAME ""
| #define PACKAGE_VERSION ""
| #define PACKAGE_STRING ""
| #define PACKAGE_BUGREPORT ""
| #define PACKAGE "libnss-mysql"
| #define VERSION "1.5"
| #define STDC_HEADERS 1
| #define HAVE_SYS_TYPES_H 1
| #define HAVE_SYS_STAT_H 1
| #define HAVE_STDLIB_H 1
| #define HAVE_STRING_H 1
| #define HAVE_MEMORY_H 1
| #define HAVE_STRINGS_H 1
| #define HAVE_INTTYPES_H 1
| #define HAVE_STDINT_H 1
| #define HAVE_UNISTD_H 1
| #define HAVE_DLFCN_H 1
| #ifdef __cplusplus
| extern "C" void exit (int) throw ();
| #endif
| /* end confdefs.h.  */
| #include <ac_nonexistent.h>
configure:5081: result: g++ -E
configure:5105: g++ -E  conftest.cc
configure:5111: $? = 0
configure:5143: g++ -E  conftest.cc
conftest.cc:25:28: fatal error: ac_nonexistent.h: No such file or directory
 #include <ac_nonexistent.h>
                            ^
compilation terminated.
configure:5149: $? = 1
configure: failed program was:
| /* confdefs.h.  */
| 
| #define PACKAGE_NAME ""
| #define PACKAGE_TARNAME ""
| #define PACKAGE_VERSION ""
| #define PACKAGE_STRING ""
| #define PACKAGE_BUGREPORT ""
| #define PACKAGE "libnss-mysql"
| #define VERSION "1.5"
| #define STDC_HEADERS 1
| #define HAVE_SYS_TYPES_H 1
| #define HAVE_SYS_STAT_H 1
| #define HAVE_STDLIB_H 1
| #define HAVE_STRING_H 1
| #define HAVE_MEMORY_H 1
| #define HAVE_STRINGS_H 1
| #define HAVE_INTTYPES_H 1
| #define HAVE_STDINT_H 1
| #define HAVE_UNISTD_H 1
| #define HAVE_DLFCN_H 1
| #ifdef __cplusplus
| extern "C" void exit (int) throw ();
| #endif
| /* end confdefs.h.  */
| #include <ac_nonexistent.h>
configure:5244: checking for g77
configure:5273: result: no
configure:5244: checking for f77
configure:5273: result: no
configure:5244: checking for xlf
configure:5273: result: no
configure:5244: checking for frt
configure:5273: result: no
configure:5244: checking for pgf77
configure:5273: result: no
configure:5244: checking for fort77
configure:5273: result: no
configure:5244: checking for fl32
configure:5273: result: no
configure:5244: checking for af77
configure:5273: result: no
configure:5244: checking for f90
configure:5273: result: no
configure:5244: checking for xlf90
configure:5273: result: no
configure:5244: checking for pgf90
configure:5273: result: no
configure:5244: checking for epcf90
configure:5273: result: no
configure:5244: checking for f95
configure:5273: result: no
configure:5244: checking for fort
configure:5273: result: no
configure:5244: checking for xlf95
configure:5273: result: no
configure:5244: checking for ifc
configure:5273: result: no
configure:5244: checking for efc
configure:5273: result: no
configure:5244: checking for pgf95
configure:5273: result: no
configure:5244: checking for lf95
configure:5273: result: no
configure:5244: checking for gfortran
configure:5273: result: no
configure:5285: checking for Fortran 77 compiler version
configure:5288:  --version </dev/null >&5
./configure: line 5289: --version: command not found
configure:5291: $? = 127
configure:5293:  -v </dev/null >&5
./configure: line 5294: -v: command not found
configure:5296: $? = 127
configure:5298:  -V </dev/null >&5
./configure: line 5299: -V: command not found
configure:5301: $? = 127
configure:5309: checking whether we are using the GNU Fortran 77 compiler
configure:5323:  -c  conftest.F >&5
./configure: line 5324: -c: command not found
configure:5329: $? = 127
configure: failed program was:
|       program main
| #ifndef __GNUC__
|        choke me
| #endif
| 
|       end
configure:5355: result: no
configure:5361: checking whether  accepts -g
configure:5373:  -c -g conftest.f >&5
./configure: line 5374: -c: command not found
configure:5379: $? = 127
configure: failed program was:
|       program main
| 
|       end
configure:5404: result: no
configure:5434: checking the maximum length of command line arguments
configure:5499: result: 32768
configure:5510: checking command to parse /usr/bin/nm -B output from gcc object
configure:5599: gcc -c -g -O2  conftest.c >&5
configure:5602: $? = 0
configure:5606: /usr/bin/nm -B conftest.o \| sed -n -e 's/^.*[ 	]\([ABCDGIRSTW][ABCDGIRSTW]*\)[ 	][ 	]*\(\)\([_A-Za-z][_A-Za-z0-9]*\)$/\1 \2\3 \3/p' \> conftest.nm
configure:5609: $? = 0
configure:5661: gcc -o conftest -g -O2   conftest.c conftstm.o >&5
configure:5664: $? = 0
configure:5702: result: ok
configure:5706: checking for objdir
configure:5721: result: .libs
configure:5811: checking for ar
configure:5827: found /usr/bin/ar
configure:5838: result: ar
configure:5891: checking for ranlib
configure:5907: found /usr/bin/ranlib
configure:5918: result: ranlib
configure:5971: checking for strip
configure:5987: found /usr/bin/strip
configure:5998: result: strip
configure:6260: checking if gcc static flag  works
configure:6283: result: yes
configure:6301: checking if gcc supports -fno-rtti -fno-exceptions
configure:6319: gcc -c -g -O2  -fno-rtti -fno-exceptions conftest.c >&5
cc1: warning: command line option '-fno-rtti' is valid for C++/ObjC++ but not for C
configure:6323: $? = 0
configure:6334: result: no
configure:6349: checking for gcc option to produce PIC
configure:6526: result: -fPIC
configure:6534: checking if gcc PIC flag -fPIC works
configure:6552: gcc -c -g -O2  -fPIC -DPIC conftest.c >&5
configure:6556: $? = 0
configure:6567: result: yes
configure:6591: checking if gcc supports -c -o file.o
configure:6612: gcc -c -g -O2  -o out/conftest2.o conftest.c >&5
configure:6616: $? = 0
configure:6636: result: yes
configure:6662: checking whether the gcc linker (/usr/bin/ld) supports shared libraries
configure:7510: result: yes
configure:7536: checking whether -lc should be explicitly linked in
configure:7541: gcc -c -g -O2  conftest.c >&5
configure:7544: $? = 0
configure:7558: gcc -shared conftest.o  -v -Wl,-soname -Wl,conftest -o conftest 2\>\&1 \| grep  -lc  \>/dev/null 2\>\&1
configure:7561: $? = 0
configure:7573: result: no
configure:7581: checking dynamic linker characteristics
configure:8142: result: GNU/Linux ld.so
configure:8146: checking how to hardcode library paths into programs
configure:8171: result: immediate
configure:8185: checking whether stripping libraries is possible
configure:8190: result: yes
configure:9020: checking if libtool supports shared libraries
configure:9022: result: yes
configure:9025: checking whether to build shared libraries
configure:9083: result: yes
configure:9086: checking whether to build static libraries
configure:9090: result: no
configure:9182: creating libtool
configure:9729: checking for ld used by g++
configure:9796: result: /usr/bin/ld
configure:9805: checking if the linker (/usr/bin/ld) is GNU ld
configure:9820: result: yes
configure:9871: checking whether the g++ linker (/usr/bin/ld) supports shared libraries
configure:10699: result: yes
configure:10717: g++ -c -g -O2  conftest.cc >&5
configure:10720: $? = 0
configure:10816: checking for g++ option to produce PIC
configure:11068: result: -fPIC
configure:11076: checking if g++ PIC flag -fPIC works
configure:11094: g++ -c -g -O2  -fPIC -DPIC conftest.cc >&5
configure:11098: $? = 0
configure:11109: result: yes
configure:11133: checking if g++ supports -c -o file.o
configure:11154: g++ -c -g -O2  -o out/conftest2.o conftest.cc >&5
configure:11158: $? = 0
configure:11178: result: yes
configure:11204: checking whether the g++ linker (/usr/bin/ld) supports shared libraries
configure:11229: result: yes
configure:11300: checking dynamic linker characteristics
configure:11861: result: GNU/Linux ld.so
configure:11865: checking how to hardcode library paths into programs
configure:11890: result: immediate
configure:11904: checking whether stripping libraries is possible
configure:11909: result: yes
configure:19240: checking whether the linker accepts -znodelete
configure:19264: gcc -o conftest -g -O2  -D_REENTRANT  conftest.c -Wl,-znodelete  >&5
configure:19270: $? = 0
configure:19274: test -z 
			 || test ! -s conftest.err
configure:19277: $? = 0
configure:19280: test -s conftest
configure:19283: $? = 0
configure:19296: result: yes
configure:19314: checking for MySQL headers
configure:19332: result: /usr/include/mysql
configure:19341: checking for MySQL libraries
configure:19377: error: Cannot locate MySQL libraries.  Try using --with-mysql=DIR

## ---------------- ##
## Cache variables. ##
## ---------------- ##

ac_cv_build=armv7l-unknown-linux-gnu
ac_cv_build_alias=armv7l-unknown-linux-gnu
ac_cv_c_compiler_gnu=yes
ac_cv_cxx_compiler_gnu=yes
ac_cv_env_CC_set=
ac_cv_env_CC_value=
ac_cv_env_CFLAGS_set=
ac_cv_env_CFLAGS_value=
ac_cv_env_CPPFLAGS_set=
ac_cv_env_CPPFLAGS_value=
ac_cv_env_CPP_set=
ac_cv_env_CPP_value=
ac_cv_env_CXXCPP_set=
ac_cv_env_CXXCPP_value=
ac_cv_env_CXXFLAGS_set=
ac_cv_env_CXXFLAGS_value=
ac_cv_env_CXX_set=
ac_cv_env_CXX_value=
ac_cv_env_F77_set=
ac_cv_env_F77_value=
ac_cv_env_FFLAGS_set=
ac_cv_env_FFLAGS_value=
ac_cv_env_LDFLAGS_set=
ac_cv_env_LDFLAGS_value=
ac_cv_env_build_alias_set=
ac_cv_env_build_alias_value=
ac_cv_env_host_alias_set=
ac_cv_env_host_alias_value=
ac_cv_env_target_alias_set=
ac_cv_env_target_alias_value=
ac_cv_exeext=
ac_cv_f77_compiler_gnu=no
ac_cv_header_dlfcn_h=yes
ac_cv_header_inttypes_h=yes
ac_cv_header_memory_h=yes
ac_cv_header_stdc=yes
ac_cv_header_stdint_h=yes
ac_cv_header_stdlib_h=yes
ac_cv_header_string_h=yes
ac_cv_header_strings_h=yes
ac_cv_header_sys_stat_h=yes
ac_cv_header_sys_types_h=yes
ac_cv_header_unistd_h=yes
ac_cv_host=armv7l-unknown-linux-gnu
ac_cv_host_alias=armv7l-unknown-linux-gnu
ac_cv_objext=o
ac_cv_path_install='/usr/bin/install -c'
ac_cv_prog_AWK=mawk
ac_cv_prog_CPP='gcc -E'
ac_cv_prog_CXXCPP='g++ -E'
ac_cv_prog_ac_ct_AR=ar
ac_cv_prog_ac_ct_CC=gcc
ac_cv_prog_ac_ct_CXX=g++
ac_cv_prog_ac_ct_RANLIB=ranlib
ac_cv_prog_ac_ct_STRIP=strip
ac_cv_prog_cc_g=yes
ac_cv_prog_cc_stdc=
ac_cv_prog_cxx_g=yes
ac_cv_prog_egrep='grep -E'
ac_cv_prog_f77_g=no
ac_cv_prog_make_make_set=yes
ac_cv_target=armv7l-unknown-linux-gnu
ac_cv_target_alias=armv7l-unknown-linux-gnu
am_cv_CC_dependencies_compiler_type=gcc3
am_cv_CXX_dependencies_compiler_type=gcc3
lt_cv_deplibs_check_method=pass_all
lt_cv_file_magic_cmd='$MAGIC_CMD'
lt_cv_file_magic_test_file='/lib/libc.so* /lib/libc-*.so'
lt_cv_ld_reload_flag=-r
lt_cv_objdir=.libs
lt_cv_path_LD=/usr/bin/ld
lt_cv_path_LDCXX=/usr/bin/ld
lt_cv_path_NM='/usr/bin/nm -B'
lt_cv_path_SED=/bin/sed
lt_cv_prog_compiler_c_o=yes
lt_cv_prog_compiler_c_o_CXX=yes
lt_cv_prog_compiler_rtti_exceptions=no
lt_cv_prog_gnu_ld=yes
lt_cv_prog_gnu_ldcxx=yes
lt_cv_sys_global_symbol_pipe='sed -n -e '\''s/^.*[ 	]\([ABCDGIRSTW][ABCDGIRSTW]*\)[ 	][ 	]*\(\)\([_A-Za-z][_A-Za-z0-9]*\)$/\1 \2\3 \3/p'\'''
lt_cv_sys_global_symbol_to_c_name_address='sed -n -e '\''s/^: \([^ ]*\) $/  {\"\1\", (lt_ptr) 0},/p'\'' -e '\''s/^[BCDEGRST] \([^ ]*\) \([^ ]*\)$/  {"\2", (lt_ptr) \&\2},/p'\'''
lt_cv_sys_global_symbol_to_cdecl='sed -n -e '\''s/^. .* \(.*\)$/extern int \1;/p'\'''
lt_cv_sys_max_cmd_len=32768
lt_lt_cv_prog_compiler_c_o='"yes"'
lt_lt_cv_prog_compiler_c_o_CXX='"yes"'
lt_lt_cv_sys_global_symbol_pipe='"sed -n -e '\''s/^.*[ 	]\\([ABCDGIRSTW][ABCDGIRSTW]*\\)[ 	][ 	]*\\(\\)\\([_A-Za-z][_A-Za-z0-9]*\\)\$/\\1 \\2\\3 \\3/p'\''"'
lt_lt_cv_sys_global_symbol_to_c_name_address='"sed -n -e '\''s/^: \\([^ ]*\\) \$/  {\\\"\\1\\\", (lt_ptr) 0},/p'\'' -e '\''s/^[BCDEGRST] \\([^ ]*\\) \\([^ ]*\\)\$/  {\"\\2\", (lt_ptr) \\&\\2},/p'\''"'
lt_lt_cv_sys_global_symbol_to_cdecl='"sed -n -e '\''s/^. .* \\(.*\\)\$/extern int \\1;/p'\''"'
nss_mysql_cv_cc_znodelete=yes

## ----------------- ##
## Output variables. ##
## ----------------- ##

ACLOCAL='${SHELL} /home/pi/raspberry/Docker/rpi-pam/build/libnss-mysql-1.5/aux/missing --run aclocal-1.9'
AMDEPBACKSLASH='\'
AMDEP_FALSE='#'
AMDEP_TRUE=''
AMTAR='${SHELL} /home/pi/raspberry/Docker/rpi-pam/build/libnss-mysql-1.5/aux/missing --run tar'
AR='ar'
AUTOCONF='${SHELL} /home/pi/raspberry/Docker/rpi-pam/build/libnss-mysql-1.5/aux/missing --run autoconf'
AUTOHEADER='${SHELL} /home/pi/raspberry/Docker/rpi-pam/build/libnss-mysql-1.5/aux/missing --run autoheader'
AUTOMAKE='${SHELL} /home/pi/raspberry/Docker/rpi-pam/build/libnss-mysql-1.5/aux/missing --run automake-1.9'
AWK='mawk'
CC='gcc'
CCDEPMODE='depmode=gcc3'
CFLAGS='-g -O2'
CPP='gcc -E'
CPPFLAGS='-I /usr/include/mysql  -D_REENTRANT'
CXX='g++'
CXXCPP='g++ -E'
CXXDEPMODE='depmode=gcc3'
CXXFLAGS='-g -O2'
CYGPATH_W='echo'
DEFS=''
DEPDIR='.deps'
ECHO='echo'
ECHO_C=''
ECHO_N='-n'
ECHO_T=''
EGREP='grep -E'
EXEEXT=''
F77=''
FFLAGS=''
INSTALL_DATA='${INSTALL} -m 644'
INSTALL_PROGRAM='${INSTALL}'
INSTALL_SCRIPT='${INSTALL}'
INSTALL_STRIP_PROGRAM='${SHELL} $(install_sh) -c -s'
LDFLAGS=''
LIBOBJS=''
LIBS='-Wl,-znodelete '
LIBTOOL='$(SHELL) $(top_builddir)/libtool'
LIBVER='2'
LN_S='ln -s'
LTLIBOBJS=''
MAINT='#'
MAINTAINER_MODE_FALSE=''
MAINTAINER_MODE_TRUE='#'
MAKEINFO='${SHELL} /home/pi/raspberry/Docker/rpi-pam/build/libnss-mysql-1.5/aux/missing --run makeinfo'
OBJEXT='o'
OS='linux'
PACKAGE='libnss-mysql'
PACKAGE_BUGREPORT=''
PACKAGE_NAME=''
PACKAGE_STRING=''
PACKAGE_TARNAME=''
PACKAGE_VERSION=''
PATH_SEPARATOR=':'
RANLIB='ranlib'
RENAME_FALSE=''
RENAME_TRUE='#'
SET_MAKE=''
SHELL='/bin/bash'
STRIP='strip'
VERSION='1.5'
ac_ct_AR='ar'
ac_ct_CC='gcc'
ac_ct_CXX='g++'
ac_ct_F77=''
ac_ct_RANLIB='ranlib'
ac_ct_STRIP='strip'
am__fastdepCC_FALSE='#'
am__fastdepCC_TRUE=''
am__fastdepCXX_FALSE='#'
am__fastdepCXX_TRUE=''
am__include='include'
am__leading_dot='.'
am__quote=''
am__tar='${AMTAR} chof - "$$tardir"'
am__untar='${AMTAR} xf -'
bindir='${exec_prefix}/bin'
build='armv7l-unknown-linux-gnu'
build_alias=''
build_cpu='armv7l'
build_os='linux-gnu'
build_vendor='unknown'
datadir='${prefix}/share'
exec_prefix='NONE'
host='armv7l-unknown-linux-gnu'
host_alias=''
host_cpu='armv7l'
host_os='linux-gnu'
host_vendor='unknown'
includedir='${prefix}/include'
infodir='${prefix}/info'
install_sh='/home/pi/raspberry/Docker/rpi-pam/build/libnss-mysql-1.5/aux/install-sh'
libdir='${exec_prefix}/lib'
libexecdir='${exec_prefix}/libexec'
localstatedir='${prefix}/var'
mandir='${prefix}/man'
mkdir_p='mkdir -p --'
oldincludedir='/usr/include'
prefix=''
program_transform_name='s,x,x,'
sbindir='${exec_prefix}/sbin'
sharedstatedir='${prefix}/com'
sysconfdir='${prefix}/etc'
target='armv7l-unknown-linux-gnu'
target_alias=''
target_cpu='armv7l'
target_os='linux-gnu'
target_vendor='unknown'

## ----------- ##
## confdefs.h. ##
## ----------- ##

#define HAVE_DLFCN_H 1
#define HAVE_INTTYPES_H 1
#define HAVE_MEMORY_H 1
#define HAVE_STDINT_H 1
#define HAVE_STDLIB_H 1
#define HAVE_STRINGS_H 1
#define HAVE_STRING_H 1
#define HAVE_SYS_STAT_H 1
#define HAVE_SYS_TYPES_H 1
#define HAVE_UNISTD_H 1
#define PACKAGE "libnss-mysql"
#define PACKAGE_BUGREPORT ""
#define PACKAGE_NAME ""
#define PACKAGE_STRING ""
#define PACKAGE_TARNAME ""
#define PACKAGE_VERSION ""
#define STDC_HEADERS 1
#define VERSION "1.5"
#endif
#ifdef __cplusplus
extern "C" void exit (int) throw ();

configure: exit 1
